{ "hts_Stats_33963": {
    "Notes": "",
    "totalFragmentsInput": 320901,
    "totalFragmentsOutput": 320901,
    "R1_readlength_histogram": [ [151,320901] ],
    "R2_readlength_histogram": [ [151,320901] ],
    "Base_composition": {
        "A": 35012371,
        "C": 13806481,
        "G": 12635461,
        "T": 35457789,
        "N": 0
    },
    "Single_end": {
        "SE_in": 0,
        "SE_out": 0,
        "SE_bpLen": 0,
        "SE_bQ30": 0
    },
    "Paired_end": {
        "PE_in": 320901,
        "PE_out": 320901,
        "R1_bpLen": 48456051,
        "R1_bQ30": 46534361,
        "R2_bpLen": 48456051,
        "R2_bQ30": 45304089
    }
  }, "hts_SuperDeduper_33964": {
    "Notes": "",
    "totalFragmentsInput": 320901,
    "totalFragmentsOutput": 312250,
    "ignored": 0,
    "duplicate": 8651,
    "duplicate_saturation": [ [10000,152], [20000,307], [30000,450], [40000,631], [50000,777], [60000,918], [70000,1093], [80000,1299], [90000,1448], [100000,1627], [110000,1820], [120000,1996], [130000,2160], [140000,2311], [150000,2503], [160000,2672], [170000,2953], [180000,3323], [190000,3719], [200000,4105], [210000,4484], [220000,4875], [230000,5245], [240000,5607], [250000,5971], [260000,6321], [270000,6699], [280000,7082], [290000,7456], [300000,7831], [310000,8222], [320000,8627], [320901,8651] ],
    "Single_end": {
        "SE_in": 0,
        "SE_out": 0
    },
    "Paired_end": {
        "PE_in": 320901,
        "PE_out": 312250
    }
  }, "hts_Stats_33965": {
    "Notes": "",
    "totalFragmentsInput": 312250,
    "totalFragmentsOutput": 312250,
    "R1_readlength_histogram": [ [151,312250] ],
    "R2_readlength_histogram": [ [151,312250] ],
    "Base_composition": {
        "A": 34046464,
        "C": 13455716,
        "G": 12315056,
        "T": 34482264,
        "N": 0
    },
    "Single_end": {
        "SE_in": 0,
        "SE_out": 0,
        "SE_bpLen": 0,
        "SE_bQ30": 0
    },
    "Paired_end": {
        "PE_in": 312250,
        "PE_out": 312250,
        "R1_bpLen": 47149750,
        "R1_bQ30": 45336233,
        "R2_bpLen": 47149750,
        "R2_bQ30": 44141796
    }
  }
}
