{ "hts_Stats_34019": {
    "Notes": "",
    "totalFragmentsInput": 103825,
    "totalFragmentsOutput": 103825,
    "R1_readlength_histogram": [ [151,103825] ],
    "R2_readlength_histogram": [ [151,103825] ],
    "Base_composition": {
        "A": 11036676,
        "C": 4886844,
        "G": 4497385,
        "T": 10934245,
        "N": 0
    },
    "Single_end": {
        "SE_in": 0,
        "SE_out": 0,
        "SE_bpLen": 0,
        "SE_bQ30": 0
    },
    "Paired_end": {
        "PE_in": 103825,
        "PE_out": 103825,
        "R1_bpLen": 15677575,
        "R1_bQ30": 14924026,
        "R2_bpLen": 15677575,
        "R2_bQ30": 14219621
    }
  }, "hts_SuperDeduper_34020": {
    "Notes": "",
    "totalFragmentsInput": 103825,
    "totalFragmentsOutput": 43875,
    "ignored": 0,
    "duplicate": 59950,
    "duplicate_saturation": [ [10000,2005], [20000,5816], [30000,10793], [40000,16509], [50000,22635], [60000,29066], [70000,35794], [80000,42727], [90000,49899], [100000,57149], [103825,59950] ],
    "Single_end": {
        "SE_in": 0,
        "SE_out": 0
    },
    "Paired_end": {
        "PE_in": 103825,
        "PE_out": 43875
    }
  }, "hts_Stats_34021": {
    "Notes": "",
    "totalFragmentsInput": 43875,
    "totalFragmentsOutput": 43875,
    "R1_readlength_histogram": [ [151,43875] ],
    "R2_readlength_histogram": [ [151,43875] ],
    "Base_composition": {
        "A": 4532267,
        "C": 2177575,
        "G": 2039018,
        "T": 4501390,
        "N": 0
    },
    "Single_end": {
        "SE_in": 0,
        "SE_out": 0,
        "SE_bpLen": 0,
        "SE_bQ30": 0
    },
    "Paired_end": {
        "PE_in": 43875,
        "PE_out": 43875,
        "R1_bpLen": 6625125,
        "R1_bQ30": 6194540,
        "R2_bpLen": 6625125,
        "R2_bQ30": 5807091
    }
  }
}
