{ "hts_Stats_33989": {
    "Notes": "",
    "totalFragmentsInput": 100855,
    "totalFragmentsOutput": 100855,
    "R1_readlength_histogram": [ [151,100855] ],
    "R2_readlength_histogram": [ [151,100855] ],
    "Base_composition": {
        "A": 10632433,
        "C": 4844670,
        "G": 4460721,
        "T": 10520386,
        "N": 0
    },
    "Single_end": {
        "SE_in": 0,
        "SE_out": 0,
        "SE_bpLen": 0,
        "SE_bQ30": 0
    },
    "Paired_end": {
        "PE_in": 100855,
        "PE_out": 100855,
        "R1_bpLen": 15229105,
        "R1_bQ30": 14512480,
        "R2_bpLen": 15229105,
        "R2_bQ30": 13851198
    }
  }, "hts_SuperDeduper_33990": {
    "Notes": "",
    "totalFragmentsInput": 100855,
    "totalFragmentsOutput": 41819,
    "ignored": 0,
    "duplicate": 59036,
    "duplicate_saturation": [ [10000,2085], [20000,6192], [30000,11352], [40000,17177], [50000,23610], [60000,30196], [70000,36875], [80000,43822], [90000,51094], [100000,58455], [100855,59036] ],
    "Single_end": {
        "SE_in": 0,
        "SE_out": 0
    },
    "Paired_end": {
        "PE_in": 100855,
        "PE_out": 41819
    }
  }, "hts_Stats_33991": {
    "Notes": "",
    "totalFragmentsInput": 41819,
    "totalFragmentsOutput": 41819,
    "R1_readlength_histogram": [ [151,41819] ],
    "R2_readlength_histogram": [ [151,41819] ],
    "Base_composition": {
        "A": 4288491,
        "C": 2108437,
        "G": 1974906,
        "T": 4257504,
        "N": 0
    },
    "Single_end": {
        "SE_in": 0,
        "SE_out": 0,
        "SE_bpLen": 0,
        "SE_bQ30": 0
    },
    "Paired_end": {
        "PE_in": 41819,
        "PE_out": 41819,
        "R1_bpLen": 6314669,
        "R1_bQ30": 5907683,
        "R2_bpLen": 6314669,
        "R2_bQ30": 5543836
    }
  }
}
