{ "hts_Stats_34087": {
    "Notes": "",
    "totalFragmentsInput": 340395,
    "totalFragmentsOutput": 340395,
    "R1_readlength_histogram": [ [151,340395] ],
    "R2_readlength_histogram": [ [151,340395] ],
    "Base_composition": {
        "A": 37144778,
        "C": 14646866,
        "G": 13379447,
        "T": 37628199,
        "N": 0
    },
    "Single_end": {
        "SE_in": 0,
        "SE_out": 0,
        "SE_bpLen": 0,
        "SE_bQ30": 0
    },
    "Paired_end": {
        "PE_in": 340395,
        "PE_out": 340395,
        "R1_bpLen": 51399645,
        "R1_bQ30": 49352257,
        "R2_bpLen": 51399645,
        "R2_bQ30": 47783850
    }
  }, "hts_SuperDeduper_34088": {
    "Notes": "",
    "totalFragmentsInput": 340395,
    "totalFragmentsOutput": 331481,
    "ignored": 0,
    "duplicate": 8914,
    "duplicate_saturation": [ [10000,143], [20000,271], [30000,416], [40000,555], [50000,720], [60000,840], [70000,995], [80000,1162], [90000,1365], [100000,1546], [110000,1721], [120000,1902], [130000,2052], [140000,2209], [150000,2376], [160000,2548], [170000,2688], [180000,2967], [190000,3334], [200000,3720], [210000,4101], [220000,4468], [230000,4844], [240000,5226], [250000,5587], [260000,5979], [270000,6343], [280000,6693], [290000,7048], [300000,7403], [310000,7777], [320000,8136], [330000,8541], [340000,8902], [340395,8914] ],
    "Single_end": {
        "SE_in": 0,
        "SE_out": 0
    },
    "Paired_end": {
        "PE_in": 340395,
        "PE_out": 331481
    }
  }, "hts_Stats_34089": {
    "Notes": "",
    "totalFragmentsInput": 331481,
    "totalFragmentsOutput": 331481,
    "R1_readlength_histogram": [ [151,331481] ],
    "R2_readlength_histogram": [ [151,331481] ],
    "Base_composition": {
        "A": 36146706,
        "C": 14285120,
        "G": 13050284,
        "T": 36625152,
        "N": 0
    },
    "Single_end": {
        "SE_in": 0,
        "SE_out": 0,
        "SE_bpLen": 0,
        "SE_bQ30": 0
    },
    "Paired_end": {
        "PE_in": 331481,
        "PE_out": 331481,
        "R1_bpLen": 50053631,
        "R1_bQ30": 48118784,
        "R2_bpLen": 50053631,
        "R2_bQ30": 46608240
    }
  }
}
