{ "hts_Stats_34163": {
    "Notes": "",
    "totalFragmentsInput": 126458,
    "totalFragmentsOutput": 126458,
    "R1_readlength_histogram": [ [151,126458] ],
    "R2_readlength_histogram": [ [151,126458] ],
    "Base_composition": {
        "A": 13740353,
        "C": 5483761,
        "G": 5026865,
        "T": 13939337,
        "N": 0
    },
    "Single_end": {
        "SE_in": 0,
        "SE_out": 0,
        "SE_bpLen": 0,
        "SE_bQ30": 0
    },
    "Paired_end": {
        "PE_in": 126458,
        "PE_out": 126458,
        "R1_bpLen": 19095158,
        "R1_bQ30": 18165678,
        "R2_bpLen": 19095158,
        "R2_bQ30": 17012196
    }
  }, "hts_SuperDeduper_34164": {
    "Notes": "",
    "totalFragmentsInput": 126458,
    "totalFragmentsOutput": 124413,
    "ignored": 0,
    "duplicate": 2045,
    "duplicate_saturation": [ [10000,108], [20000,202], [30000,300], [40000,381], [50000,504], [60000,587], [70000,758], [80000,984], [90000,1211], [100000,1474], [110000,1680], [120000,1905], [126458,2045] ],
    "Single_end": {
        "SE_in": 0,
        "SE_out": 0
    },
    "Paired_end": {
        "PE_in": 126458,
        "PE_out": 124413
    }
  }, "hts_Stats_34165": {
    "Notes": "",
    "totalFragmentsInput": 124413,
    "totalFragmentsOutput": 124413,
    "R1_readlength_histogram": [ [151,124413] ],
    "R2_readlength_histogram": [ [151,124413] ],
    "Base_composition": {
        "A": 13508607,
        "C": 5403286,
        "G": 4951664,
        "T": 13709169,
        "N": 0
    },
    "Single_end": {
        "SE_in": 0,
        "SE_out": 0,
        "SE_bpLen": 0,
        "SE_bQ30": 0
    },
    "Paired_end": {
        "PE_in": 124413,
        "PE_out": 124413,
        "R1_bpLen": 18786363,
        "R1_bQ30": 17889016,
        "R2_bpLen": 18786363,
        "R2_bQ30": 16755187
    }
  }
}
