{ "hts_Stats_34048": {
    "Notes": "",
    "totalFragmentsInput": 138363,
    "totalFragmentsOutput": 138363,
    "R1_readlength_histogram": [ [151,138363] ],
    "R2_readlength_histogram": [ [151,138363] ],
    "Base_composition": {
        "A": 15170345,
        "C": 5862413,
        "G": 5356652,
        "T": 15396216,
        "N": 0
    },
    "Single_end": {
        "SE_in": 0,
        "SE_out": 0,
        "SE_bpLen": 0,
        "SE_bQ30": 0
    },
    "Paired_end": {
        "PE_in": 138363,
        "PE_out": 138363,
        "R1_bpLen": 20892813,
        "R1_bQ30": 19820152,
        "R2_bpLen": 20892813,
        "R2_bQ30": 18512855
    }
  }, "hts_SuperDeduper_34049": {
    "Notes": "",
    "totalFragmentsInput": 138363,
    "totalFragmentsOutput": 133214,
    "ignored": 0,
    "duplicate": 5149,
    "duplicate_saturation": [ [10000,426], [20000,809], [30000,1164], [40000,1527], [50000,1862], [60000,2099], [70000,2310], [80000,2763], [90000,3233], [100000,3661], [110000,4085], [120000,4460], [130000,4837], [138363,5149] ],
    "Single_end": {
        "SE_in": 0,
        "SE_out": 0
    },
    "Paired_end": {
        "PE_in": 138363,
        "PE_out": 133214
    }
  }, "hts_Stats_34050": {
    "Notes": "",
    "totalFragmentsInput": 133214,
    "totalFragmentsOutput": 133214,
    "R1_readlength_histogram": [ [151,133214] ],
    "R2_readlength_histogram": [ [151,133214] ],
    "Base_composition": {
        "A": 14585059,
        "C": 5663185,
        "G": 5172648,
        "T": 14809736,
        "N": 0
    },
    "Single_end": {
        "SE_in": 0,
        "SE_out": 0,
        "SE_bpLen": 0,
        "SE_bQ30": 0
    },
    "Paired_end": {
        "PE_in": 133214,
        "PE_out": 133214,
        "R1_bpLen": 20115314,
        "R1_bQ30": 19132150,
        "R2_bpLen": 20115314,
        "R2_bQ30": 17872083
    }
  }
}
