{ "hts_Stats_34107": {
    "Notes": "",
    "totalFragmentsInput": 55128,
    "totalFragmentsOutput": 55128,
    "R1_readlength_histogram": [ [151,55128] ],
    "R2_readlength_histogram": [ [151,55128] ],
    "Base_composition": {
        "A": 5946034,
        "C": 2444850,
        "G": 2238076,
        "T": 6019696,
        "N": 0
    },
    "Single_end": {
        "SE_in": 0,
        "SE_out": 0,
        "SE_bpLen": 0,
        "SE_bQ30": 0
    },
    "Paired_end": {
        "PE_in": 55128,
        "PE_out": 55128,
        "R1_bpLen": 8324328,
        "R1_bQ30": 7979458,
        "R2_bpLen": 8324328,
        "R2_bQ30": 7526688
    }
  }, "hts_SuperDeduper_34108": {
    "Notes": "",
    "totalFragmentsInput": 55128,
    "totalFragmentsOutput": 54431,
    "ignored": 0,
    "duplicate": 697,
    "duplicate_saturation": [ [10000,70], [20000,161], [30000,246], [40000,429], [50000,612], [55128,697] ],
    "Single_end": {
        "SE_in": 0,
        "SE_out": 0
    },
    "Paired_end": {
        "PE_in": 55128,
        "PE_out": 54431
    }
  }, "hts_Stats_34109": {
    "Notes": "",
    "totalFragmentsInput": 54431,
    "totalFragmentsOutput": 54431,
    "R1_readlength_histogram": [ [151,54431] ],
    "R2_readlength_histogram": [ [151,54431] ],
    "Base_composition": {
        "A": 5869384,
        "C": 2415712,
        "G": 2210634,
        "T": 5942432,
        "N": 0
    },
    "Single_end": {
        "SE_in": 0,
        "SE_out": 0,
        "SE_bpLen": 0,
        "SE_bQ30": 0
    },
    "Paired_end": {
        "PE_in": 54431,
        "PE_out": 54431,
        "R1_bpLen": 8219081,
        "R1_bQ30": 7887207,
        "R2_bpLen": 8219081,
        "R2_bQ30": 7439102
    }
  }
}
