{ "hts_Stats_33956": {
    "Notes": "",
    "totalFragmentsInput": 184908,
    "totalFragmentsOutput": 184908,
    "R1_readlength_histogram": [ [151,184908] ],
    "R2_readlength_histogram": [ [151,184908] ],
    "Base_composition": {
        "A": 19641678,
        "C": 8485396,
        "G": 7860862,
        "T": 19854271,
        "N": 9
    },
    "Single_end": {
        "SE_in": 0,
        "SE_out": 0,
        "SE_bpLen": 0,
        "SE_bQ30": 0
    },
    "Paired_end": {
        "PE_in": 184908,
        "PE_out": 184908,
        "R1_bpLen": 27921108,
        "R1_bQ30": 26660510,
        "R2_bpLen": 27921108,
        "R2_bQ30": 25516788
    }
  }, "hts_SuperDeduper_33957": {
    "Notes": "",
    "totalFragmentsInput": 184908,
    "totalFragmentsOutput": 180421,
    "ignored": 0,
    "duplicate": 4487,
    "duplicate_saturation": [ [10000,223], [20000,456], [30000,624], [40000,833], [50000,1026], [60000,1231], [70000,1415], [80000,1566], [90000,1760], [100000,1985], [110000,2286], [120000,2553], [130000,2853], [140000,3118], [150000,3415], [160000,3716], [170000,4004], [180000,4325], [184908,4487] ],
    "Single_end": {
        "SE_in": 0,
        "SE_out": 0
    },
    "Paired_end": {
        "PE_in": 184908,
        "PE_out": 180421
    }
  }, "hts_Stats_33958": {
    "Notes": "",
    "totalFragmentsInput": 180421,
    "totalFragmentsOutput": 180421,
    "R1_readlength_histogram": [ [151,180421] ],
    "R2_readlength_histogram": [ [151,180421] ],
    "Base_composition": {
        "A": 19154895,
        "C": 8287091,
        "G": 7672094,
        "T": 19373053,
        "N": 9
    },
    "Single_end": {
        "SE_in": 0,
        "SE_out": 0,
        "SE_bpLen": 0,
        "SE_bQ30": 0
    },
    "Paired_end": {
        "PE_in": 180421,
        "PE_out": 180421,
        "R1_bpLen": 27243571,
        "R1_bQ30": 26054618,
        "R2_bpLen": 27243571,
        "R2_bQ30": 24936917
    }
  }
}
