{ "hts_Stats_33995": {
    "Notes": "",
    "totalFragmentsInput": 238117,
    "totalFragmentsOutput": 238117,
    "R1_readlength_histogram": [ [151,238117] ],
    "R2_readlength_histogram": [ [151,238117] ],
    "Base_composition": {
        "A": 25770658,
        "C": 10468739,
        "G": 9598203,
        "T": 26073734,
        "N": 0
    },
    "Single_end": {
        "SE_in": 0,
        "SE_out": 0,
        "SE_bpLen": 0,
        "SE_bQ30": 0
    },
    "Paired_end": {
        "PE_in": 238117,
        "PE_out": 238117,
        "R1_bpLen": 35955667,
        "R1_bQ30": 34261958,
        "R2_bpLen": 35955667,
        "R2_bQ30": 33354573
    }
  }, "hts_SuperDeduper_33996": {
    "Notes": "",
    "totalFragmentsInput": 238117,
    "totalFragmentsOutput": 229819,
    "ignored": 0,
    "duplicate": 8298,
    "duplicate_saturation": [ [10000,388], [20000,698], [30000,1044], [40000,1329], [50000,1709], [60000,2070], [70000,2336], [80000,2590], [90000,2860], [100000,3098], [110000,3335], [120000,3613], [130000,3989], [140000,4352], [150000,4742], [160000,5147], [170000,5581], [180000,5978], [190000,6404], [200000,6773], [210000,7138], [220000,7556], [230000,7961], [238117,8298] ],
    "Single_end": {
        "SE_in": 0,
        "SE_out": 0
    },
    "Paired_end": {
        "PE_in": 238117,
        "PE_out": 229819
    }
  }, "hts_Stats_33997": {
    "Notes": "",
    "totalFragmentsInput": 229819,
    "totalFragmentsOutput": 229819,
    "R1_readlength_histogram": [ [151,229819] ],
    "R2_readlength_histogram": [ [151,229819] ],
    "Base_composition": {
        "A": 24845988,
        "C": 10124475,
        "G": 9280336,
        "T": 25154539,
        "N": 0
    },
    "Single_end": {
        "SE_in": 0,
        "SE_out": 0,
        "SE_bpLen": 0,
        "SE_bQ30": 0
    },
    "Paired_end": {
        "PE_in": 229819,
        "PE_out": 229819,
        "R1_bpLen": 34702669,
        "R1_bQ30": 33140937,
        "R2_bpLen": 34702669,
        "R2_bQ30": 32231943
    }
  }
}
