{ "hts_Stats_34099": {
    "Notes": "",
    "totalFragmentsInput": 118208,
    "totalFragmentsOutput": 118208,
    "R1_readlength_histogram": [ [151,118208] ],
    "R2_readlength_histogram": [ [151,118208] ],
    "Base_composition": {
        "A": 12784520,
        "C": 5290961,
        "G": 5000960,
        "T": 12622375,
        "N": 0
    },
    "Single_end": {
        "SE_in": 0,
        "SE_out": 0,
        "SE_bpLen": 0,
        "SE_bQ30": 0
    },
    "Paired_end": {
        "PE_in": 118208,
        "PE_out": 118208,
        "R1_bpLen": 17849408,
        "R1_bQ30": 16745025,
        "R2_bpLen": 17849408,
        "R2_bQ30": 16294798
    }
  }, "hts_SuperDeduper_34100": {
    "Notes": "",
    "totalFragmentsInput": 118208,
    "totalFragmentsOutput": 21115,
    "ignored": 0,
    "duplicate": 97093,
    "duplicate_saturation": [ [10000,5079], [20000,12718], [30000,20891], [40000,29217], [50000,37904], [60000,46585], [70000,55167], [80000,63790], [90000,72457], [100000,81222], [110000,89907], [118208,97093] ],
    "Single_end": {
        "SE_in": 0,
        "SE_out": 0
    },
    "Paired_end": {
        "PE_in": 118208,
        "PE_out": 21115
    }
  }, "hts_Stats_34101": {
    "Notes": "",
    "totalFragmentsInput": 21115,
    "totalFragmentsOutput": 21115,
    "R1_readlength_histogram": [ [151,21115] ],
    "R2_readlength_histogram": [ [151,21115] ],
    "Base_composition": {
        "A": 2062614,
        "C": 1141351,
        "G": 1110730,
        "T": 2062035,
        "N": 0
    },
    "Single_end": {
        "SE_in": 0,
        "SE_out": 0,
        "SE_bpLen": 0,
        "SE_bQ30": 0
    },
    "Paired_end": {
        "PE_in": 21115,
        "PE_out": 21115,
        "R1_bpLen": 3188365,
        "R1_bQ30": 2871575,
        "R2_bpLen": 3188365,
        "R2_bQ30": 2750237
    }
  }
}
