{ "hts_Stats_33981": {
    "Notes": "",
    "totalFragmentsInput": 66355,
    "totalFragmentsOutput": 66355,
    "R1_readlength_histogram": [ [151,66355] ],
    "R2_readlength_histogram": [ [151,66355] ],
    "Base_composition": {
        "A": 7188420,
        "C": 2958439,
        "G": 2692525,
        "T": 7199826,
        "N": 0
    },
    "Single_end": {
        "SE_in": 0,
        "SE_out": 0,
        "SE_bpLen": 0,
        "SE_bQ30": 0
    },
    "Paired_end": {
        "PE_in": 66355,
        "PE_out": 66355,
        "R1_bpLen": 10019605,
        "R1_bQ30": 9511950,
        "R2_bpLen": 10019605,
        "R2_bQ30": 8707749
    }
  }, "hts_SuperDeduper_33982": {
    "Notes": "",
    "totalFragmentsInput": 66355,
    "totalFragmentsOutput": 44960,
    "ignored": 0,
    "duplicate": 21395,
    "duplicate_saturation": [ [10000,1038], [20000,3203], [30000,6123], [40000,9798], [50000,13821], [60000,18385], [66355,21395] ],
    "Single_end": {
        "SE_in": 0,
        "SE_out": 0
    },
    "Paired_end": {
        "PE_in": 66355,
        "PE_out": 44960
    }
  }, "hts_Stats_33984": {
    "Notes": "",
    "totalFragmentsInput": 44960,
    "totalFragmentsOutput": 44960,
    "R1_readlength_histogram": [ [151,44960] ],
    "R2_readlength_histogram": [ [151,44960] ],
    "Base_composition": {
        "A": 4821083,
        "C": 2046209,
        "G": 1874451,
        "T": 4836177,
        "N": 0
    },
    "Single_end": {
        "SE_in": 0,
        "SE_out": 0,
        "SE_bpLen": 0,
        "SE_bQ30": 0
    },
    "Paired_end": {
        "PE_in": 44960,
        "PE_out": 44960,
        "R1_bpLen": 6788960,
        "R1_bQ30": 6415034,
        "R2_bpLen": 6788960,
        "R2_bQ30": 5844663
    }
  }
}
