{ "hts_Stats_33949": {
    "Notes": "",
    "totalFragmentsInput": 63937,
    "totalFragmentsOutput": 63937,
    "R1_readlength_histogram": [ [151,63937] ],
    "R2_readlength_histogram": [ [151,63937] ],
    "Base_composition": {
        "A": 6948798,
        "C": 2829990,
        "G": 2583337,
        "T": 6946849,
        "N": 0
    },
    "Single_end": {
        "SE_in": 0,
        "SE_out": 0,
        "SE_bpLen": 0,
        "SE_bQ30": 0
    },
    "Paired_end": {
        "PE_in": 63937,
        "PE_out": 63937,
        "R1_bpLen": 9654487,
        "R1_bQ30": 9190649,
        "R2_bpLen": 9654487,
        "R2_bQ30": 8395369
    }
  }, "hts_SuperDeduper_33951": {
    "Notes": "",
    "totalFragmentsInput": 63937,
    "totalFragmentsOutput": 44490,
    "ignored": 0,
    "duplicate": 19447,
    "duplicate_saturation": [ [10000,777], [20000,2724], [30000,5589], [40000,9103], [50000,13088], [60000,17574], [63937,19447] ],
    "Single_end": {
        "SE_in": 0,
        "SE_out": 0
    },
    "Paired_end": {
        "PE_in": 63937,
        "PE_out": 44490
    }
  }, "hts_Stats_33952": {
    "Notes": "",
    "totalFragmentsInput": 44490,
    "totalFragmentsOutput": 44490,
    "R1_readlength_histogram": [ [151,44490] ],
    "R2_readlength_histogram": [ [151,44490] ],
    "Base_composition": {
        "A": 4786461,
        "C": 2008888,
        "G": 1842503,
        "T": 4798128,
        "N": 0
    },
    "Single_end": {
        "SE_in": 0,
        "SE_out": 0,
        "SE_bpLen": 0,
        "SE_bQ30": 0
    },
    "Paired_end": {
        "PE_in": 44490,
        "PE_out": 44490,
        "R1_bpLen": 6717990,
        "R1_bQ30": 6362322,
        "R2_bpLen": 6717990,
        "R2_bQ30": 5784565
    }
  }
}
