{ "hts_Stats_33976": {
    "Notes": "",
    "totalFragmentsInput": 63849,
    "totalFragmentsOutput": 63849,
    "R1_readlength_histogram": [ [151,63849] ],
    "R2_readlength_histogram": [ [151,63849] ],
    "Base_composition": {
        "A": 6935354,
        "C": 2794392,
        "G": 2553560,
        "T": 6999092,
        "N": 0
    },
    "Single_end": {
        "SE_in": 0,
        "SE_out": 0,
        "SE_bpLen": 0,
        "SE_bQ30": 0
    },
    "Paired_end": {
        "PE_in": 63849,
        "PE_out": 63849,
        "R1_bpLen": 9641199,
        "R1_bQ30": 9155551,
        "R2_bpLen": 9641199,
        "R2_bQ30": 8634387
    }
  }, "hts_SuperDeduper_33977": {
    "Notes": "",
    "totalFragmentsInput": 63849,
    "totalFragmentsOutput": 17596,
    "ignored": 0,
    "duplicate": 46253,
    "duplicate_saturation": [ [10000,4228], [20000,11094], [30000,18795], [40000,26751], [50000,34861], [60000,43067], [63849,46253] ],
    "Single_end": {
        "SE_in": 0,
        "SE_out": 0
    },
    "Paired_end": {
        "PE_in": 63849,
        "PE_out": 17596
    }
  }, "hts_Stats_33978": {
    "Notes": "",
    "totalFragmentsInput": 17596,
    "totalFragmentsOutput": 17596,
    "R1_readlength_histogram": [ [151,17596] ],
    "R2_readlength_histogram": [ [151,17596] ],
    "Base_composition": {
        "A": 1801462,
        "C": 872405,
        "G": 829769,
        "T": 1810356,
        "N": 0
    },
    "Single_end": {
        "SE_in": 0,
        "SE_out": 0,
        "SE_bpLen": 0,
        "SE_bQ30": 0
    },
    "Paired_end": {
        "PE_in": 17596,
        "PE_out": 17596,
        "R1_bpLen": 2656996,
        "R1_bQ30": 2422727,
        "R2_bpLen": 2656996,
        "R2_bQ30": 2255432
    }
  }
}
