{ "hts_Stats_34169": {
    "Notes": "",
    "totalFragmentsInput": 92794,
    "totalFragmentsOutput": 92794,
    "R1_readlength_histogram": [ [151,92794] ],
    "R2_readlength_histogram": [ [151,92794] ],
    "Base_composition": {
        "A": 10055155,
        "C": 4073386,
        "G": 3709457,
        "T": 10185790,
        "N": 0
    },
    "Single_end": {
        "SE_in": 0,
        "SE_out": 0,
        "SE_bpLen": 0,
        "SE_bQ30": 0
    },
    "Paired_end": {
        "PE_in": 92794,
        "PE_out": 92794,
        "R1_bpLen": 14011894,
        "R1_bQ30": 13330181,
        "R2_bpLen": 14011894,
        "R2_bQ30": 12473173
    }
  }, "hts_SuperDeduper_34170": {
    "Notes": "",
    "totalFragmentsInput": 92794,
    "totalFragmentsOutput": 23455,
    "ignored": 0,
    "duplicate": 69339,
    "duplicate_saturation": [ [10000,4078], [20000,10913], [30000,18487], [40000,26394], [50000,34506], [60000,42485], [70000,50508], [80000,58724], [90000,67014], [92794,69339] ],
    "Single_end": {
        "SE_in": 0,
        "SE_out": 0
    },
    "Paired_end": {
        "PE_in": 92794,
        "PE_out": 23455
    }
  }, "hts_Stats_34171": {
    "Notes": "",
    "totalFragmentsInput": 23455,
    "totalFragmentsOutput": 23455,
    "R1_readlength_histogram": [ [151,23455] ],
    "R2_readlength_histogram": [ [151,23455] ],
    "Base_composition": {
        "A": 2353978,
        "C": 1207080,
        "G": 1153229,
        "T": 2369123,
        "N": 0
    },
    "Single_end": {
        "SE_in": 0,
        "SE_out": 0,
        "SE_bpLen": 0,
        "SE_bQ30": 0
    },
    "Paired_end": {
        "PE_in": 23455,
        "PE_out": 23455,
        "R1_bpLen": 3541705,
        "R1_bQ30": 3207532,
        "R2_bpLen": 3541705,
        "R2_bQ30": 2971842
    }
  }
}
