{ "hts_Stats_34145": {
    "Notes": "",
    "totalFragmentsInput": 71244,
    "totalFragmentsOutput": 71244,
    "R1_readlength_histogram": [ [151,71244] ],
    "R2_readlength_histogram": [ [151,71244] ],
    "Base_composition": {
        "A": 7686390,
        "C": 3168791,
        "G": 2895784,
        "T": 7764723,
        "N": 0
    },
    "Single_end": {
        "SE_in": 0,
        "SE_out": 0,
        "SE_bpLen": 0,
        "SE_bQ30": 0
    },
    "Paired_end": {
        "PE_in": 71244,
        "PE_out": 71244,
        "R1_bpLen": 10757844,
        "R1_bQ30": 10227601,
        "R2_bpLen": 10757844,
        "R2_bQ30": 9664338
    }
  }, "hts_SuperDeduper_34146": {
    "Notes": "",
    "totalFragmentsInput": 71244,
    "totalFragmentsOutput": 19821,
    "ignored": 0,
    "duplicate": 51423,
    "duplicate_saturation": [ [10000,4046], [20000,10870], [30000,18369], [40000,26247], [50000,34122], [60000,42251], [70000,50435], [71244,51423] ],
    "Single_end": {
        "SE_in": 0,
        "SE_out": 0
    },
    "Paired_end": {
        "PE_in": 71244,
        "PE_out": 19821
    }
  }, "hts_Stats_34147": {
    "Notes": "",
    "totalFragmentsInput": 19821,
    "totalFragmentsOutput": 19821,
    "R1_readlength_histogram": [ [151,19821] ],
    "R2_readlength_histogram": [ [151,19821] ],
    "Base_composition": {
        "A": 1995277,
        "C": 1013692,
        "G": 960495,
        "T": 2016478,
        "N": 0
    },
    "Single_end": {
        "SE_in": 0,
        "SE_out": 0,
        "SE_bpLen": 0,
        "SE_bQ30": 0
    },
    "Paired_end": {
        "PE_in": 19821,
        "PE_out": 19821,
        "R1_bpLen": 2992971,
        "R1_bQ30": 2735073,
        "R2_bpLen": 2992971,
        "R2_bQ30": 2556985
    }
  }
}
