{ "hts_Stats_34013": {
    "Notes": "",
    "totalFragmentsInput": 881505,
    "totalFragmentsOutput": 881505,
    "R1_readlength_histogram": [ [151,881505] ],
    "R2_readlength_histogram": [ [151,881505] ],
    "Base_composition": {
        "A": 99545906,
        "C": 34291514,
        "G": 31024747,
        "T": 100790634,
        "N": 561709
    },
    "Single_end": {
        "SE_in": 0,
        "SE_out": 0,
        "SE_bpLen": 0,
        "SE_bQ30": 0
    },
    "Paired_end": {
        "PE_in": 881505,
        "PE_out": 881505,
        "R1_bpLen": 133107255,
        "R1_bQ30": 127244241,
        "R2_bpLen": 133107255,
        "R2_bQ30": 115709606
    }
  }, "hts_SuperDeduper_34015": {
    "Notes": "",
    "totalFragmentsInput": 881505,
    "totalFragmentsOutput": 781197,
    "ignored": 37,
    "duplicate": 100271,
    "duplicate_saturation": [ [10000,481], [20000,947], [30000,1231], [40000,1298], [50000,2477], [60000,3265], [70000,4578], [80000,5393], [90000,6290], [100000,7124], [110000,7979], [120000,9231], [130000,10003], [140000,11379], [150000,12269], [160000,13268], [170000,14551], [180000,15538], [190000,16912], [200000,17849], [210000,19193], [220000,20160], [230000,21428], [240000,22611], [250000,23628], [260000,25055], [270000,25977], [280000,27457], [290000,28548], [300000,29671], [310000,31254], [320000,32421], [330000,34030], [340000,35121], [350000,36588], [360000,37689], [370000,38856], [380000,40663], [390000,41648], [400000,42931], [410000,43863], [420000,44777], [430000,45460], [440000,46180], [450000,46502], [460000,47280], [470000,47974], [480000,48801], [490000,49543], [500000,50324], [510000,51869], [520000,52696], [530000,54291], [540000,55097], [550000,56684], [560000,57494], [570000,58363], [580000,60103], [590000,60960], [600000,62572], [610000,63463], [620000,64470], [630000,66144], [640000,67068], [650000,68788], [660000,69639], [670000,71096], [680000,72066], [690000,73049], [700000,74783], [710000,75724], [720000,77626], [730000,78615], [740000,79950], [750000,82112], [760000,83084], [770000,84758], [780000,85725], [790000,88163], [800000,89114], [810000,90069], [820000,91750], [830000,92670], [840000,94810], [850000,96020], [860000,97651], [870000,98825], [880000,100072], [881505,100271] ],
    "Single_end": {
        "SE_in": 0,
        "SE_out": 0
    },
    "Paired_end": {
        "PE_in": 881505,
        "PE_out": 781197
    }
  }, "hts_Stats_34016": {
    "Notes": "",
    "totalFragmentsInput": 781197,
    "totalFragmentsOutput": 781197,
    "R1_readlength_histogram": [ [151,781197] ],
    "R2_readlength_histogram": [ [151,781197] ],
    "Base_composition": {
        "A": 88075336,
        "C": 30500201,
        "G": 27591234,
        "T": 89259618,
        "N": 495105
    },
    "Single_end": {
        "SE_in": 0,
        "SE_out": 0,
        "SE_bpLen": 0,
        "SE_bQ30": 0
    },
    "Paired_end": {
        "PE_in": 781197,
        "PE_out": 781197,
        "R1_bpLen": 117960747,
        "R1_bQ30": 112934351,
        "R2_bpLen": 117960747,
        "R2_bQ30": 102621711
    }
  }
}
