{ "hts_Stats_34007": {
    "Notes": "",
    "totalFragmentsInput": 692763,
    "totalFragmentsOutput": 692763,
    "R1_readlength_histogram": [ [151,692763] ],
    "R2_readlength_histogram": [ [151,692763] ],
    "Base_composition": {
        "A": 78222868,
        "C": 26976196,
        "G": 24346169,
        "T": 79233567,
        "N": 435626
    },
    "Single_end": {
        "SE_in": 0,
        "SE_out": 0,
        "SE_bpLen": 0,
        "SE_bQ30": 0
    },
    "Paired_end": {
        "PE_in": 692763,
        "PE_out": 692763,
        "R1_bpLen": 104607213,
        "R1_bQ30": 99761078,
        "R2_bpLen": 104607213,
        "R2_bQ30": 90330402
    }
  }, "hts_SuperDeduper_34008": {
    "Notes": "",
    "totalFragmentsInput": 692763,
    "totalFragmentsOutput": 621660,
    "ignored": 28,
    "duplicate": 71075,
    "duplicate_saturation": [ [10000,428], [20000,901], [30000,955], [40000,1797], [50000,2582], [60000,3715], [70000,4551], [80000,5406], [90000,6562], [100000,7312], [110000,8442], [120000,9223], [130000,10437], [140000,11276], [150000,12427], [160000,13317], [170000,14484], [180000,15598], [190000,16624], [200000,17943], [210000,18847], [220000,20115], [230000,21122], [240000,22420], [250000,23404], [260000,24714], [270000,25722], [280000,26889], [290000,28105], [300000,29284], [310000,30438], [320000,31285], [330000,32059], [340000,32657], [350000,33092], [360000,33678], [370000,34347], [380000,35043], [390000,35757], [400000,36985], [410000,37723], [420000,38984], [430000,40095], [440000,41031], [450000,42392], [460000,43175], [470000,44558], [480000,45337], [490000,46721], [500000,47505], [510000,48971], [520000,49748], [530000,50993], [540000,51834], [550000,53319], [560000,54176], [570000,55614], [580000,56551], [590000,58463], [600000,59315], [610000,60730], [620000,62411], [630000,63473], [640000,64888], [650000,65685], [660000,67377], [670000,68412], [680000,69750], [690000,70774], [692763,71075] ],
    "Single_end": {
        "SE_in": 0,
        "SE_out": 0
    },
    "Paired_end": {
        "PE_in": 692763,
        "PE_out": 621660
    }
  }, "hts_Stats_34010": {
    "Notes": "",
    "totalFragmentsInput": 621660,
    "totalFragmentsOutput": 621660,
    "R1_readlength_histogram": [ [151,621660] ],
    "R2_readlength_histogram": [ [151,621660] ],
    "Base_composition": {
        "A": 70091075,
        "C": 24290841,
        "G": 21920141,
        "T": 71050217,
        "N": 389046
    },
    "Single_end": {
        "SE_in": 0,
        "SE_out": 0,
        "SE_bpLen": 0,
        "SE_bQ30": 0
    },
    "Paired_end": {
        "PE_in": 621660,
        "PE_out": 621660,
        "R1_bpLen": 93870660,
        "R1_bQ30": 89641479,
        "R2_bpLen": 93870660,
        "R2_bQ30": 81128742
    }
  }
}
