{ "hts_Stats_34113": {
    "Notes": "",
    "totalFragmentsInput": 976855,
    "totalFragmentsOutput": 976855,
    "R1_readlength_histogram": [ [151,976855] ],
    "R2_readlength_histogram": [ [151,976855] ],
    "Base_composition": {
        "A": 110293247,
        "C": 38055654,
        "G": 34410970,
        "T": 111637198,
        "N": 613141
    },
    "Single_end": {
        "SE_in": 0,
        "SE_out": 0,
        "SE_bpLen": 0,
        "SE_bQ30": 0
    },
    "Paired_end": {
        "PE_in": 976855,
        "PE_out": 976855,
        "R1_bpLen": 147505105,
        "R1_bQ30": 140668890,
        "R2_bpLen": 147505105,
        "R2_bQ30": 125651722
    }
  }, "hts_SuperDeduper_34115": {
    "Notes": "",
    "totalFragmentsInput": 976855,
    "totalFragmentsOutput": 862391,
    "ignored": 34,
    "duplicate": 114430,
    "duplicate_saturation": [ [10000,534], [20000,1038], [30000,1543], [40000,1615], [50000,2391], [60000,3205], [70000,4065], [80000,5436], [90000,6304], [100000,7244], [110000,8124], [120000,9034], [130000,10414], [140000,11297], [150000,12241], [160000,13629], [170000,14617], [180000,16097], [190000,17110], [200000,18208], [210000,19632], [220000,20610], [230000,22003], [240000,23035], [250000,24127], [260000,25590], [270000,26618], [280000,28105], [290000,29179], [300000,30259], [310000,31747], [320000,32898], [330000,34231], [340000,35655], [350000,36884], [360000,38530], [370000,39710], [380000,40873], [390000,42380], [400000,43546], [410000,45408], [420000,46439], [430000,47494], [440000,48813], [450000,49804], [460000,50734], [470000,51466], [480000,52203], [490000,52725], [500000,53311], [510000,54058], [520000,54780], [530000,55620], [540000,56392], [550000,57195], [560000,58763], [570000,59559], [580000,61300], [590000,62127], [600000,63033], [610000,64719], [620000,65576], [630000,66604], [640000,68276], [650000,69173], [660000,70894], [670000,71834], [680000,72840], [690000,74697], [700000,75675], [710000,76727], [720000,78567], [730000,79494], [740000,81062], [750000,82109], [760000,83105], [770000,85010], [780000,85994], [790000,87092], [800000,89029], [810000,90134], [820000,92339], [830000,93927], [840000,95011], [850000,96879], [860000,97905], [870000,98986], [880000,101466], [890000,102399], [900000,103415], [910000,105117], [920000,106055], [930000,108306], [940000,109507], [950000,110775], [960000,112387], [970000,113562], [976855,114430] ],
    "Single_end": {
        "SE_in": 0,
        "SE_out": 0
    },
    "Paired_end": {
        "PE_in": 976855,
        "PE_out": 862391
    }
  }, "hts_Stats_34117": {
    "Notes": "",
    "totalFragmentsInput": 862391,
    "totalFragmentsOutput": 862391,
    "R1_readlength_histogram": [ [151,862391] ],
    "R2_readlength_histogram": [ [151,862391] ],
    "Base_composition": {
        "A": 97215227,
        "C": 33738386,
        "G": 30500764,
        "T": 98449850,
        "N": 537855
    },
    "Single_end": {
        "SE_in": 0,
        "SE_out": 0,
        "SE_bpLen": 0,
        "SE_bQ30": 0
    },
    "Paired_end": {
        "PE_in": 862391,
        "PE_out": 862391,
        "R1_bpLen": 130221041,
        "R1_bQ30": 124327204,
        "R2_bpLen": 130221041,
        "R2_bQ30": 110976178
    }
  }
}
