{ "hts_Stats_34076": {
    "Notes": "",
    "totalFragmentsInput": 1524301,
    "totalFragmentsOutput": 1524301,
    "R1_readlength_histogram": [ [151,1524301] ],
    "R2_readlength_histogram": [ [151,1524301] ],
    "Base_composition": {
        "A": 165912901,
        "C": 69941641,
        "G": 63666066,
        "T": 159857895,
        "N": 960399
    },
    "Single_end": {
        "SE_in": 0,
        "SE_out": 0,
        "SE_bpLen": 0,
        "SE_bQ30": 0
    },
    "Paired_end": {
        "PE_in": 1524301,
        "PE_out": 1524301,
        "R1_bpLen": 230169451,
        "R1_bQ30": 217618730,
        "R2_bpLen": 230169451,
        "R2_bQ30": 192023380
    }
  }, "hts_SuperDeduper_34077": {
    "Notes": "",
    "totalFragmentsInput": 1524301,
    "totalFragmentsOutput": 191614,
    "ignored": 64,
    "duplicate": 1332623,
    "duplicate_saturation": [ [10000,2559], [20000,7418], [30000,13176], [40000,19330], [50000,26015], [60000,33360], [70000,40850], [80000,48424], [90000,56172], [100000,63973], [110000,71859], [120000,79707], [130000,87922], [140000,96111], [150000,104331], [160000,112166], [170000,120397], [180000,128710], [190000,137028], [200000,144977], [210000,153352], [220000,161744], [230000,170168], [240000,178237], [250000,186738], [260000,195343], [270000,203880], [280000,212189], [290000,220727], [300000,229351], [310000,237837], [320000,246028], [330000,254410], [340000,262944], [350000,271370], [360000,279217], [370000,287720], [380000,296413], [390000,305024], [400000,313225], [410000,321973], [420000,330725], [430000,339447], [440000,347834], [450000,356369], [460000,364997], [470000,373552], [480000,381797], [490000,390560], [500000,399509], [510000,408261], [520000,416884], [530000,425764], [540000,434697], [550000,443562], [560000,452119], [570000,460749], [580000,469447], [590000,478015], [600000,486012], [610000,494756], [620000,503571], [630000,512246], [640000,520543], [650000,529473], [660000,538427], [670000,547317], [680000,555952], [690000,565060], [700000,574033], [710000,582975], [720000,591906], [730000,601199], [740000,610497], [750000,619723], [760000,628647], [770000,637616], [780000,646386], [790000,655276], [800000,664629], [810000,673941], [820000,683263], [830000,692355], [840000,701688], [850000,711002], [860000,720319], [870000,729413], [880000,738771], [890000,748076], [900000,757328], [910000,766413], [920000,775719], [930000,785025], [940000,794333], [950000,803452], [960000,812709], [970000,822025], [980000,831327], [990000,840367], [1000000,849626], [1010000,859018], [1020000,868363], [1030000,877532], [1040000,886302], [1050000,895597], [1060000,904919], [1070000,914021], [1080000,923222], [1090000,932563], [1100000,941886], [1110000,951148], [1120000,960173], [1130000,969446], [1140000,978703], [1150000,987892], [1160000,996726], [1170000,1006067], [1180000,1015340], [1190000,1024511], [1200000,1033522], [1210000,1042908], [1220000,1052254], [1230000,1061560], [1240000,1070768], [1250000,1080073], [1260000,1089446], [1270000,1098785], [1280000,1107911], [1290000,1117031], [1300000,1126278], [1310000,1135430], [1320000,1144192], [1330000,1153468], [1340000,1162856], [1350000,1172190], [1360000,1181363], [1370000,1190624], [1380000,1200008], [1390000,1209393], [1400000,1218665], [1410000,1227858], [1420000,1237267], [1430000,1246696], [1440000,1256026], [1450000,1265090], [1460000,1274274], [1470000,1283480], [1480000,1292585], [1490000,1301422], [1500000,1310599], [1510000,1319773], [1520000,1328842], [1524301,1332623] ],
    "Single_end": {
        "SE_in": 0,
        "SE_out": 0
    },
    "Paired_end": {
        "PE_in": 1524301,
        "PE_out": 191614
    }
  }, "hts_Stats_34078": {
    "Notes": "",
    "totalFragmentsInput": 191614,
    "totalFragmentsOutput": 191614,
    "R1_readlength_histogram": [ [151,191614] ],
    "R2_readlength_histogram": [ [151,191614] ],
    "Base_composition": {
        "A": 20864788,
        "C": 8937359,
        "G": 7953389,
        "T": 19972624,
        "N": 139268
    },
    "Single_end": {
        "SE_in": 0,
        "SE_out": 0,
        "SE_bpLen": 0,
        "SE_bQ30": 0
    },
    "Paired_end": {
        "PE_in": 191614,
        "PE_out": 191614,
        "R1_bpLen": 28933714,
        "R1_bQ30": 25464866,
        "R2_bpLen": 28933714,
        "R2_bQ30": 18194639
    }
  }
}
