{ "hts_Stats_34069": {
    "Notes": "",
    "totalFragmentsInput": 1343977,
    "totalFragmentsOutput": 1343977,
    "R1_readlength_histogram": [ [151,1343977] ],
    "R2_readlength_histogram": [ [151,1343977] ],
    "Base_composition": {
        "A": 146261004,
        "C": 61984323,
        "G": 56174011,
        "T": 140607088,
        "N": 854628
    },
    "Single_end": {
        "SE_in": 0,
        "SE_out": 0,
        "SE_bpLen": 0,
        "SE_bQ30": 0
    },
    "Paired_end": {
        "PE_in": 1343977,
        "PE_out": 1343977,
        "R1_bpLen": 202940527,
        "R1_bQ30": 190673739,
        "R2_bpLen": 202940527,
        "R2_bQ30": 158614335
    }
  }, "hts_SuperDeduper_34070": {
    "Notes": "",
    "totalFragmentsInput": 1343977,
    "totalFragmentsOutput": 225676,
    "ignored": 56,
    "duplicate": 1118245,
    "duplicate_saturation": [ [10000,2483], [20000,6989], [30000,12379], [40000,17943], [50000,24462], [60000,31322], [70000,38303], [80000,45481], [90000,52836], [100000,60047], [110000,67460], [120000,75086], [130000,82826], [140000,90209], [150000,97927], [160000,105691], [170000,113337], [180000,120777], [190000,128627], [200000,136453], [210000,143988], [220000,151989], [230000,160132], [240000,168207], [250000,175911], [260000,183968], [270000,192023], [280000,199769], [290000,207411], [300000,215371], [310000,223142], [320000,230428], [330000,238570], [340000,246603], [350000,254393], [360000,262542], [370000,270782], [380000,278962], [390000,286655], [400000,294782], [410000,302890], [420000,310830], [430000,318813], [440000,327287], [450000,335701], [460000,343688], [470000,352232], [480000,360646], [490000,369078], [500000,376899], [510000,385150], [520000,393210], [530000,400521], [540000,408670], [550000,416915], [560000,424997], [570000,432824], [580000,441457], [590000,450067], [600000,458265], [610000,466886], [620000,475533], [630000,484010], [640000,492618], [650000,501678], [660000,510694], [670000,519480], [680000,527984], [690000,536253], [700000,544907], [710000,553948], [720000,562953], [730000,571679], [740000,580776], [750000,589851], [760000,598863], [770000,607682], [780000,616674], [790000,625649], [800000,634388], [810000,643295], [820000,652328], [830000,661231], [840000,669952], [850000,679022], [860000,688033], [870000,696879], [880000,705831], [890000,714916], [900000,723952], [910000,732426], [920000,741337], [930000,750368], [940000,759296], [950000,768037], [960000,777084], [970000,786079], [980000,794995], [990000,803830], [1000000,812783], [1010000,821692], [1020000,830135], [1030000,839086], [1040000,848054], [1050000,856845], [1060000,865602], [1070000,874671], [1080000,883672], [1090000,892588], [1100000,901492], [1110000,910606], [1120000,919619], [1130000,928380], [1140000,937207], [1150000,946047], [1160000,954692], [1170000,963256], [1180000,972389], [1190000,981432], [1200000,990150], [1210000,999177], [1220000,1008287], [1230000,1017387], [1240000,1026204], [1250000,1035338], [1260000,1044476], [1270000,1053577], [1280000,1062249], [1290000,1071131], [1300000,1079973], [1310000,1088419], [1320000,1097211], [1330000,1106070], [1340000,1114909], [1343977,1118245] ],
    "Single_end": {
        "SE_in": 0,
        "SE_out": 0
    },
    "Paired_end": {
        "PE_in": 1343977,
        "PE_out": 225676
    }
  }, "hts_Stats_34072": {
    "Notes": "",
    "totalFragmentsInput": 225676,
    "totalFragmentsOutput": 225676,
    "R1_readlength_histogram": [ [151,225676] ],
    "R2_readlength_histogram": [ [151,225676] ],
    "Base_composition": {
        "A": 24537233,
        "C": 10597477,
        "G": 9339120,
        "T": 23512211,
        "N": 168111
    },
    "Single_end": {
        "SE_in": 0,
        "SE_out": 0,
        "SE_bpLen": 0,
        "SE_bQ30": 0
    },
    "Paired_end": {
        "PE_in": 225676,
        "PE_out": 225676,
        "R1_bpLen": 34077076,
        "R1_bQ30": 29942353,
        "R2_bpLen": 34077076,
        "R2_bQ30": 19611198
    }
  }
}
