{ "hts_Stats_34160": {
    "Notes": "",
    "totalFragmentsInput": 2165943,
    "totalFragmentsOutput": 2165943,
    "R1_readlength_histogram": [ [151,2165943] ],
    "R2_readlength_histogram": [ [151,2165943] ],
    "Base_composition": {
        "A": 235763626,
        "C": 99549125,
        "G": 90416648,
        "T": 227039132,
        "N": 1346255
    },
    "Single_end": {
        "SE_in": 0,
        "SE_out": 0,
        "SE_bpLen": 0,
        "SE_bQ30": 0
    },
    "Paired_end": {
        "PE_in": 2165943,
        "PE_out": 2165943,
        "R1_bpLen": 327057393,
        "R1_bQ30": 308495524,
        "R2_bpLen": 327057393,
        "R2_bQ30": 289082207
    }
  }, "hts_SuperDeduper_34161": {
    "Notes": "",
    "totalFragmentsInput": 2165943,
    "totalFragmentsOutput": 168913,
    "ignored": 104,
    "duplicate": 1996926,
    "duplicate_saturation": [ [10000,2731], [20000,7780], [30000,13890], [40000,20596], [50000,27728], [60000,35006], [70000,42642], [80000,50638], [90000,58844], [100000,67176], [110000,75639], [120000,84013], [130000,92574], [140000,101151], [150000,109803], [160000,118398], [170000,126929], [180000,135649], [190000,144456], [200000,153285], [210000,162136], [220000,170809], [230000,179618], [240000,188535], [250000,197455], [260000,206455], [270000,215325], [280000,224005], [290000,232928], [300000,241941], [310000,250913], [320000,259909], [330000,268828], [340000,277689], [350000,286892], [360000,296068], [370000,305184], [380000,314290], [390000,323189], [400000,332215], [410000,341319], [420000,350528], [430000,359649], [440000,368665], [450000,377469], [460000,386564], [470000,395658], [480000,404737], [490000,413797], [500000,422537], [510000,431455], [520000,440692], [530000,449929], [540000,459054], [550000,468116], [560000,476945], [570000,486218], [580000,495541], [590000,504842], [600000,514098], [610000,523269], [620000,532177], [630000,541311], [640000,550573], [650000,559798], [660000,569038], [670000,577932], [680000,587198], [690000,596606], [700000,605999], [710000,615375], [720000,624669], [730000,633762], [740000,643171], [750000,652556], [760000,661958], [770000,671361], [780000,680649], [790000,689702], [800000,699011], [810000,708266], [820000,717518], [830000,726706], [840000,735403], [850000,744682], [860000,754051], [870000,763304], [880000,772540], [890000,781736], [900000,790751], [910000,800099], [920000,809455], [930000,818824], [940000,828153], [950000,837241], [960000,846585], [970000,856009], [980000,865367], [990000,874767], [1000000,884015], [1010000,893400], [1020000,902992], [1030000,912589], [1040000,922132], [1050000,931687], [1060000,941181], [1070000,950520], [1080000,959918], [1090000,969228], [1100000,978361], [1110000,987899], [1120000,997528], [1130000,1007117], [1140000,1016689], [1150000,1026232], [1160000,1035597], [1170000,1045197], [1180000,1054815], [1190000,1064402], [1200000,1073999], [1210000,1083578], [1220000,1093036], [1230000,1102614], [1240000,1112218], [1250000,1121811], [1260000,1131379], [1270000,1140929], [1280000,1150315], [1290000,1159911], [1300000,1169520], [1310000,1179106], [1320000,1188706], [1330000,1198292], [1340000,1207714], [1350000,1217315], [1360000,1226961], [1370000,1236590], [1380000,1246169], [1390000,1255732], [1400000,1265203], [1410000,1274826], [1420000,1284492], [1430000,1294076], [1440000,1303737], [1450000,1313321], [1460000,1322300], [1470000,1331752], [1480000,1341352], [1490000,1350968], [1500000,1360583], [1510000,1370133], [1520000,1379575], [1530000,1389186], [1540000,1398852], [1550000,1408523], [1560000,1418149], [1570000,1427723], [1580000,1437147], [1590000,1446737], [1600000,1456343], [1610000,1465979], [1620000,1475574], [1630000,1485085], [1640000,1494210], [1650000,1503794], [1660000,1513425], [1670000,1523041], [1680000,1532651], [1690000,1542191], [1700000,1551689], [1710000,1561336], [1720000,1570998], [1730000,1580638], [1740000,1590271], [1750000,1599860], [1760000,1609377], [1770000,1618989], [1780000,1628644], [1790000,1638277], [1800000,1647948], [1810000,1657554], [1820000,1667020], [1830000,1676587], [1840000,1686152], [1850000,1695731], [1860000,1705254], [1870000,1714668], [1880000,1724017], [1890000,1733660], [1900000,1743348], [1910000,1752967], [1920000,1762589], [1930000,1772174], [1940000,1781655], [1950000,1791240], [1960000,1800897], [1970000,1810549], [1980000,1820167], [1990000,1829735], [2000000,1839230], [2010000,1848852], [2020000,1858536], [2030000,1868171], [2040000,1877817], [2050000,1887388], [2060000,1896802], [2070000,1906302], [2080000,1915799], [2090000,1925355], [2100000,1934820], [2110000,1944121], [2120000,1953493], [2130000,1962980], [2140000,1972482], [2150000,1981985], [2160000,1991444], [2165943,1996926] ],
    "Single_end": {
        "SE_in": 0,
        "SE_out": 0
    },
    "Paired_end": {
        "PE_in": 2165943,
        "PE_out": 168913
    }
  }, "hts_Stats_34162": {
    "Notes": "",
    "totalFragmentsInput": 168913,
    "totalFragmentsOutput": 168913,
    "R1_readlength_histogram": [ [151,168913] ],
    "R2_readlength_histogram": [ [151,168913] ],
    "Base_composition": {
        "A": 18406395,
        "C": 7833621,
        "G": 6945592,
        "T": 17708930,
        "N": 117188
    },
    "Single_end": {
        "SE_in": 0,
        "SE_out": 0,
        "SE_bpLen": 0,
        "SE_bQ30": 0
    },
    "Paired_end": {
        "PE_in": 168913,
        "PE_out": 168913,
        "R1_bpLen": 25505863,
        "R1_bQ30": 22428800,
        "R2_bpLen": 25505863,
        "R2_bQ30": 18063869
    }
  }
}
