{ "hts_Stats_34062": {
    "Notes": "",
    "totalFragmentsInput": 972753,
    "totalFragmentsOutput": 972753,
    "R1_readlength_histogram": [ [151,972753] ],
    "R2_readlength_histogram": [ [151,972753] ],
    "Base_composition": {
        "A": 108728680,
        "C": 39707362,
        "G": 36027757,
        "T": 108694247,
        "N": 613360
    },
    "Single_end": {
        "SE_in": 0,
        "SE_out": 0,
        "SE_bpLen": 0,
        "SE_bQ30": 0
    },
    "Paired_end": {
        "PE_in": 972753,
        "PE_out": 972753,
        "R1_bpLen": 146885703,
        "R1_bQ30": 139783728,
        "R2_bpLen": 146885703,
        "R2_bQ30": 124712152
    }
  }, "hts_SuperDeduper_34063": {
    "Notes": "",
    "totalFragmentsInput": 972753,
    "totalFragmentsOutput": 210121,
    "ignored": 47,
    "duplicate": 762585,
    "duplicate_saturation": [ [10000,1255], [20000,3432], [30000,6320], [40000,9709], [50000,14084], [60000,18861], [70000,23978], [80000,29437], [90000,35122], [100000,40830], [110000,46831], [120000,53044], [130000,59296], [140000,65731], [150000,72295], [160000,79130], [170000,86117], [180000,93033], [190000,100184], [200000,107250], [210000,114384], [220000,121578], [230000,128497], [240000,135986], [250000,143280], [260000,150693], [270000,158375], [280000,165876], [290000,173477], [300000,181093], [310000,188690], [320000,196634], [330000,204467], [340000,212531], [350000,220576], [360000,228414], [370000,236367], [380000,243889], [390000,251965], [400000,259995], [410000,267858], [420000,276207], [430000,284279], [440000,292672], [450000,300932], [460000,309258], [470000,317856], [480000,326489], [490000,334745], [500000,342893], [510000,351650], [520000,360357], [530000,369009], [540000,377770], [550000,386550], [560000,395336], [570000,404180], [580000,412837], [590000,421674], [600000,430484], [610000,439313], [620000,448205], [630000,456931], [640000,465839], [650000,474794], [660000,483362], [670000,492313], [680000,501217], [690000,510161], [700000,519173], [710000,527975], [720000,536893], [730000,545793], [740000,554425], [750000,563385], [760000,572238], [770000,581175], [780000,590194], [790000,599109], [800000,608207], [810000,617281], [820000,626158], [830000,635072], [840000,643785], [850000,652637], [860000,661733], [870000,670717], [880000,679852], [890000,688893], [900000,697842], [910000,706981], [920000,716063], [930000,724867], [940000,733798], [950000,742492], [960000,751360], [970000,760295], [972753,762585] ],
    "Single_end": {
        "SE_in": 0,
        "SE_out": 0
    },
    "Paired_end": {
        "PE_in": 972753,
        "PE_out": 210121
    }
  }, "hts_Stats_34064": {
    "Notes": "",
    "totalFragmentsInput": 210121,
    "totalFragmentsOutput": 210121,
    "R1_readlength_histogram": [ [151,210121] ],
    "R2_readlength_histogram": [ [151,210121] ],
    "Base_composition": {
        "A": 23355076,
        "C": 8717199,
        "G": 7863227,
        "T": 23358186,
        "N": 162854
    },
    "Single_end": {
        "SE_in": 0,
        "SE_out": 0,
        "SE_bpLen": 0,
        "SE_bQ30": 0
    },
    "Paired_end": {
        "PE_in": 210121,
        "PE_out": 210121,
        "R1_bpLen": 31728271,
        "R1_bQ30": 29072571,
        "R2_bpLen": 31728271,
        "R2_bQ30": 23673483
    }
  }
}
