{ "hts_Stats_33936": {
    "Notes": "",
    "totalFragmentsInput": 853610,
    "totalFragmentsOutput": 853610,
    "R1_readlength_histogram": [ [151,853610] ],
    "R2_readlength_histogram": [ [151,853610] ],
    "Base_composition": {
        "A": 95804837,
        "C": 34592604,
        "G": 31324160,
        "T": 95534468,
        "N": 534151
    },
    "Single_end": {
        "SE_in": 0,
        "SE_out": 0,
        "SE_bpLen": 0,
        "SE_bQ30": 0
    },
    "Paired_end": {
        "PE_in": 853610,
        "PE_out": 853610,
        "R1_bpLen": 128895110,
        "R1_bQ30": 122318094,
        "R2_bpLen": 128895110,
        "R2_bQ30": 103971415
    }
  }, "hts_SuperDeduper_33937": {
    "Notes": "",
    "totalFragmentsInput": 853610,
    "totalFragmentsOutput": 227713,
    "ignored": 33,
    "duplicate": 625864,
    "duplicate_saturation": [ [10000,977], [20000,2943], [30000,5519], [40000,8828], [50000,12895], [60000,17319], [70000,22075], [80000,27153], [90000,32334], [100000,37831], [110000,43267], [120000,49002], [130000,54894], [140000,60986], [150000,67389], [160000,73652], [170000,80143], [180000,86442], [190000,92929], [200000,99143], [210000,105879], [220000,112564], [230000,119474], [240000,126445], [250000,133177], [260000,140111], [270000,146854], [280000,154263], [290000,161532], [300000,169048], [310000,176470], [320000,183618], [330000,190809], [340000,197629], [350000,205066], [360000,212141], [370000,220015], [380000,227753], [390000,235678], [400000,243512], [410000,251760], [420000,259995], [430000,267758], [440000,275580], [450000,283968], [460000,292198], [470000,300703], [480000,309032], [490000,317412], [500000,325808], [510000,334137], [520000,342509], [530000,350758], [540000,359232], [550000,367472], [560000,375928], [570000,384440], [580000,392576], [590000,401074], [600000,409361], [610000,417987], [620000,426482], [630000,434844], [640000,443310], [650000,451486], [660000,459954], [670000,468282], [680000,476894], [690000,485531], [700000,493977], [710000,502615], [720000,511264], [730000,519692], [740000,528100], [750000,536156], [760000,544960], [770000,553367], [780000,562096], [790000,570941], [800000,579631], [810000,588496], [820000,597028], [830000,605721], [840000,614161], [850000,622856], [853610,625864] ],
    "Single_end": {
        "SE_in": 0,
        "SE_out": 0
    },
    "Paired_end": {
        "PE_in": 853610,
        "PE_out": 227713
    }
  }, "hts_Stats_33939": {
    "Notes": "",
    "totalFragmentsInput": 227713,
    "totalFragmentsOutput": 227713,
    "R1_readlength_histogram": [ [151,227713] ],
    "R2_readlength_histogram": [ [151,227713] ],
    "Base_composition": {
        "A": 25404371,
        "C": 9432573,
        "G": 8478557,
        "T": 25278762,
        "N": 175063
    },
    "Single_end": {
        "SE_in": 0,
        "SE_out": 0,
        "SE_bpLen": 0,
        "SE_bQ30": 0
    },
    "Paired_end": {
        "PE_in": 227713,
        "PE_out": 227713,
        "R1_bpLen": 34384663,
        "R1_bQ30": 31417909,
        "R2_bpLen": 34384663,
        "R2_bQ30": 23888634
    }
  }
}
