{ "hts_Stats_34152": {
    "Notes": "",
    "totalFragmentsInput": 976763,
    "totalFragmentsOutput": 976763,
    "R1_readlength_histogram": [ [151,976763] ],
    "R2_readlength_histogram": [ [151,976763] ],
    "Base_composition": {
        "A": 109362184,
        "C": 39720934,
        "G": 36084088,
        "T": 109197364,
        "N": 617856
    },
    "Single_end": {
        "SE_in": 0,
        "SE_out": 0,
        "SE_bpLen": 0,
        "SE_bQ30": 0
    },
    "Paired_end": {
        "PE_in": 976763,
        "PE_out": 976763,
        "R1_bpLen": 147491213,
        "R1_bQ30": 140621882,
        "R2_bpLen": 147491213,
        "R2_bQ30": 126218517
    }
  }, "hts_SuperDeduper_34153": {
    "Notes": "",
    "totalFragmentsInput": 976763,
    "totalFragmentsOutput": 208205,
    "ignored": 29,
    "duplicate": 768529,
    "duplicate_saturation": [ [10000,1114], [20000,3280], [30000,6152], [40000,9651], [50000,14045], [60000,18787], [70000,23869], [80000,29340], [90000,34974], [100000,40732], [110000,46775], [120000,52957], [130000,59130], [140000,65548], [150000,72080], [160000,78889], [170000,85808], [180000,92840], [190000,99891], [200000,107000], [210000,114066], [220000,121296], [230000,128224], [240000,135613], [250000,143173], [260000,150603], [270000,158344], [280000,165942], [290000,173572], [300000,181304], [310000,188795], [320000,196799], [330000,204810], [340000,212785], [350000,220968], [360000,228911], [370000,236964], [380000,244829], [390000,252536], [400000,260694], [410000,268600], [420000,276863], [430000,285199], [440000,293331], [450000,301699], [460000,309863], [470000,318498], [480000,327104], [490000,335534], [500000,343889], [510000,352402], [520000,361161], [530000,369785], [540000,378643], [550000,387389], [560000,396179], [570000,405024], [580000,413790], [590000,422569], [600000,431456], [610000,440229], [620000,449105], [630000,457999], [640000,466804], [650000,475778], [660000,484670], [670000,493313], [680000,502319], [690000,511149], [700000,520216], [710000,529203], [720000,538121], [730000,547101], [740000,555797], [750000,564794], [760000,573816], [770000,582730], [780000,591874], [790000,600997], [800000,609999], [810000,619123], [820000,628181], [830000,637143], [840000,646151], [850000,654882], [860000,664000], [870000,673047], [880000,682076], [890000,691220], [900000,700199], [910000,709376], [920000,718544], [930000,727439], [940000,736310], [950000,745073], [960000,753738], [970000,762655], [976763,768529] ],
    "Single_end": {
        "SE_in": 0,
        "SE_out": 0
    },
    "Paired_end": {
        "PE_in": 976763,
        "PE_out": 208205
    }
  }, "hts_Stats_34155": {
    "Notes": "",
    "totalFragmentsInput": 208205,
    "totalFragmentsOutput": 208205,
    "R1_readlength_histogram": [ [151,208205] ],
    "R2_readlength_histogram": [ [151,208205] ],
    "Base_composition": {
        "A": 23185594,
        "C": 8615239,
        "G": 7769894,
        "T": 23145292,
        "N": 161891
    },
    "Single_end": {
        "SE_in": 0,
        "SE_out": 0,
        "SE_bpLen": 0,
        "SE_bQ30": 0
    },
    "Paired_end": {
        "PE_in": 208205,
        "PE_out": 208205,
        "R1_bpLen": 31438955,
        "R1_bQ30": 28890792,
        "R2_bpLen": 31438955,
        "R2_bQ30": 23731415
    }
  }
}
