{ "hts_Stats_34127": {
    "Notes": "",
    "totalFragmentsInput": 950822,
    "totalFragmentsOutput": 950822,
    "R1_readlength_histogram": [ [151,950822] ],
    "R2_readlength_histogram": [ [151,950822] ],
    "Base_composition": {
        "A": 106261367,
        "C": 39342721,
        "G": 35602928,
        "T": 105343263,
        "N": 597965
    },
    "Single_end": {
        "SE_in": 0,
        "SE_out": 0,
        "SE_bpLen": 0,
        "SE_bQ30": 0
    },
    "Paired_end": {
        "PE_in": 950822,
        "PE_out": 950822,
        "R1_bpLen": 143574122,
        "R1_bQ30": 136921709,
        "R2_bpLen": 143574122,
        "R2_bQ30": 122509334
    }
  }, "hts_SuperDeduper_34128": {
    "Notes": "",
    "totalFragmentsInput": 950822,
    "totalFragmentsOutput": 252531,
    "ignored": 38,
    "duplicate": 698253,
    "duplicate_saturation": [ [10000,1230], [20000,3282], [30000,5892], [40000,8961], [50000,12876], [60000,17189], [70000,21714], [80000,26608], [90000,31570], [100000,36663], [110000,42117], [120000,47599], [130000,53236], [140000,58980], [150000,64878], [160000,71011], [170000,77131], [180000,83486], [190000,89882], [200000,96206], [210000,102636], [220000,108964], [230000,115498], [240000,122235], [250000,128938], [260000,135888], [270000,142796], [280000,149662], [290000,156712], [300000,163655], [310000,170972], [320000,178230], [330000,185609], [340000,193084], [350000,200391], [360000,207811], [370000,214945], [380000,222340], [390000,229875], [400000,237191], [410000,244800], [420000,252291], [430000,260059], [440000,267828], [450000,275574], [460000,283562], [470000,291550], [480000,299284], [490000,307032], [500000,315155], [510000,323266], [520000,331416], [530000,339698], [540000,347901], [550000,356194], [560000,364419], [570000,372739], [580000,381136], [590000,389407], [600000,397815], [610000,406232], [620000,414591], [630000,423028], [640000,431448], [650000,439727], [660000,448180], [670000,456634], [680000,465179], [690000,473720], [700000,482187], [710000,490732], [720000,499048], [730000,507690], [740000,516203], [750000,524728], [760000,533487], [770000,542154], [780000,550845], [790000,559585], [800000,568352], [810000,576959], [820000,585527], [830000,594050], [840000,602834], [850000,611518], [860000,620307], [870000,629087], [880000,637673], [890000,646459], [900000,655201], [910000,663732], [920000,672225], [930000,680572], [940000,689160], [950000,697599], [950822,698253] ],
    "Single_end": {
        "SE_in": 0,
        "SE_out": 0
    },
    "Paired_end": {
        "PE_in": 950822,
        "PE_out": 252531
    }
  }, "hts_Stats_34129": {
    "Notes": "",
    "totalFragmentsInput": 252531,
    "totalFragmentsOutput": 252531,
    "R1_readlength_histogram": [ [151,252531] ],
    "R2_readlength_histogram": [ [151,252531] ],
    "Base_composition": {
        "A": 28086037,
        "C": 10567245,
        "G": 9547248,
        "T": 27868228,
        "N": 195604
    },
    "Single_end": {
        "SE_in": 0,
        "SE_out": 0,
        "SE_bpLen": 0,
        "SE_bQ30": 0
    },
    "Paired_end": {
        "PE_in": 252531,
        "PE_out": 252531,
        "R1_bpLen": 38132181,
        "R1_bQ30": 35416755,
        "R2_bpLen": 38132181,
        "R2_bQ30": 29646910
    }
  }
}
