{ "hts_Stats_34166": {
    "Notes": "",
    "totalFragmentsInput": 1123212,
    "totalFragmentsOutput": 1123212,
    "R1_readlength_histogram": [ [151,1123212] ],
    "R2_readlength_histogram": [ [151,1123212] ],
    "Base_composition": {
        "A": 125760133,
        "C": 46261620,
        "G": 41897269,
        "T": 124584469,
        "N": 706533
    },
    "Single_end": {
        "SE_in": 0,
        "SE_out": 0,
        "SE_bpLen": 0,
        "SE_bQ30": 0
    },
    "Paired_end": {
        "PE_in": 1123212,
        "PE_out": 1123212,
        "R1_bpLen": 169605012,
        "R1_bQ30": 161217311,
        "R2_bpLen": 169605012,
        "R2_bQ30": 146532699
    }
  }, "hts_SuperDeduper_34167": {
    "Notes": "",
    "totalFragmentsInput": 1123212,
    "totalFragmentsOutput": 268681,
    "ignored": 39,
    "duplicate": 854492,
    "duplicate_saturation": [ [10000,986], [20000,3020], [30000,5722], [40000,8843], [50000,12502], [60000,16919], [70000,21411], [80000,26237], [90000,31273], [100000,36496], [110000,41892], [120000,47234], [130000,53061], [140000,58905], [150000,64769], [160000,70768], [170000,76879], [180000,83244], [190000,89759], [200000,96406], [210000,103046], [220000,109795], [230000,116534], [240000,123234], [250000,130009], [260000,136686], [270000,143491], [280000,150658], [290000,157682], [300000,164911], [310000,172349], [320000,179531], [330000,186757], [340000,194119], [350000,201314], [360000,208848], [370000,216510], [380000,224033], [390000,231829], [400000,239639], [410000,247297], [420000,254887], [430000,262604], [440000,270002], [450000,277630], [460000,285468], [470000,293066], [480000,300827], [490000,308827], [500000,316603], [510000,324641], [520000,332705], [530000,340712], [540000,349042], [550000,357391], [560000,365509], [570000,373482], [580000,381677], [590000,390084], [600000,398438], [610000,406815], [620000,415348], [630000,423898], [640000,432372], [650000,440919], [660000,449415], [670000,457958], [680000,466514], [690000,475041], [700000,483617], [710000,492252], [720000,500887], [730000,509519], [740000,518221], [750000,526956], [760000,535219], [770000,543888], [780000,552647], [790000,561284], [800000,570072], [810000,578879], [820000,587589], [830000,596385], [840000,605116], [850000,613568], [860000,622330], [870000,631135], [880000,639837], [890000,648594], [900000,657446], [910000,666282], [920000,675080], [930000,683996], [940000,692921], [950000,701774], [960000,710619], [970000,719398], [980000,727885], [990000,736776], [1000000,745734], [1010000,754561], [1020000,763504], [1030000,772435], [1040000,781331], [1050000,790330], [1060000,799337], [1070000,808137], [1080000,816938], [1090000,825710], [1100000,834242], [1110000,843006], [1120000,851807], [1123212,854492] ],
    "Single_end": {
        "SE_in": 0,
        "SE_out": 0
    },
    "Paired_end": {
        "PE_in": 1123212,
        "PE_out": 268681
    }
  }, "hts_Stats_34168": {
    "Notes": "",
    "totalFragmentsInput": 268681,
    "totalFragmentsOutput": 268681,
    "R1_readlength_histogram": [ [151,268681] ],
    "R2_readlength_histogram": [ [151,268681] ],
    "Base_composition": {
        "A": 29911646,
        "C": 11210061,
        "G": 10128676,
        "T": 29682596,
        "N": 208683
    },
    "Single_end": {
        "SE_in": 0,
        "SE_out": 0,
        "SE_bpLen": 0,
        "SE_bQ30": 0
    },
    "Paired_end": {
        "PE_in": 268681,
        "PE_out": 268681,
        "R1_bpLen": 40570831,
        "R1_bQ30": 37470753,
        "R2_bpLen": 40570831,
        "R2_bQ30": 31849233
    }
  }
}
