{ "hts_Stats_34055": {
    "Notes": "",
    "totalFragmentsInput": 1147730,
    "totalFragmentsOutput": 1147730,
    "R1_readlength_histogram": [ [151,1147730] ],
    "R2_readlength_histogram": [ [151,1147730] ],
    "Base_composition": {
        "A": 128470700,
        "C": 47432243,
        "G": 42831997,
        "T": 127159795,
        "N": 719725
    },
    "Single_end": {
        "SE_in": 0,
        "SE_out": 0,
        "SE_bpLen": 0,
        "SE_bQ30": 0
    },
    "Paired_end": {
        "PE_in": 1147730,
        "PE_out": 1147730,
        "R1_bpLen": 173307230,
        "R1_bQ30": 165274777,
        "R2_bpLen": 173307230,
        "R2_bQ30": 141138013
    }
  }, "hts_SuperDeduper_34056": {
    "Notes": "",
    "totalFragmentsInput": 1147730,
    "totalFragmentsOutput": 318659,
    "ignored": 48,
    "duplicate": 829023,
    "duplicate_saturation": [ [10000,1075], [20000,3027], [30000,5553], [40000,8300], [50000,11646], [60000,15743], [70000,19953], [80000,24439], [90000,29294], [100000,34207], [110000,39346], [120000,44359], [130000,49713], [140000,55175], [150000,60544], [160000,66291], [170000,72030], [180000,77729], [190000,83772], [200000,90001], [210000,96228], [220000,102554], [230000,108927], [240000,115029], [250000,121339], [260000,127703], [270000,133755], [280000,140439], [290000,147108], [300000,153589], [310000,160540], [320000,167512], [330000,174056], [340000,180766], [350000,187631], [360000,194240], [370000,201488], [380000,208670], [390000,215659], [400000,223126], [410000,230527], [420000,237536], [430000,244701], [440000,251779], [450000,258315], [460000,265605], [470000,272855], [480000,279826], [490000,287389], [500000,294978], [510000,302407], [520000,310151], [530000,317825], [540000,325405], [550000,333457], [560000,341445], [570000,349170], [580000,356693], [590000,364131], [600000,372327], [610000,380506], [620000,388528], [630000,396808], [640000,404987], [650000,413142], [660000,421329], [670000,429572], [680000,437610], [690000,445881], [700000,454189], [710000,462416], [720000,470644], [730000,479017], [740000,487205], [750000,495490], [760000,503867], [770000,512182], [780000,520117], [790000,528483], [800000,536722], [810000,544895], [820000,553418], [830000,561829], [840000,569954], [850000,578350], [860000,586726], [870000,594657], [880000,603042], [890000,611477], [900000,619592], [910000,628121], [920000,636677], [930000,645182], [940000,653611], [950000,662220], [960000,670757], [970000,679047], [980000,687462], [990000,695693], [1000000,703760], [1010000,712476], [1020000,721102], [1030000,729464], [1040000,738118], [1050000,746719], [1060000,755124], [1070000,763822], [1080000,772514], [1090000,781024], [1100000,789407], [1110000,797801], [1120000,805878], [1130000,814269], [1140000,822688], [1147730,829023] ],
    "Single_end": {
        "SE_in": 0,
        "SE_out": 0
    },
    "Paired_end": {
        "PE_in": 1147730,
        "PE_out": 318659
    }
  }, "hts_Stats_34057": {
    "Notes": "",
    "totalFragmentsInput": 318659,
    "totalFragmentsOutput": 318659,
    "R1_readlength_histogram": [ [151,318659] ],
    "R2_readlength_histogram": [ [151,318659] ],
    "Base_composition": {
        "A": 35497266,
        "C": 13402777,
        "G": 12045378,
        "T": 35045357,
        "N": 244240
    },
    "Single_end": {
        "SE_in": 0,
        "SE_out": 0,
        "SE_bpLen": 0,
        "SE_bQ30": 0
    },
    "Paired_end": {
        "PE_in": 318659,
        "PE_out": 318659,
        "R1_bpLen": 48117509,
        "R1_bQ30": 44349500,
        "R2_bpLen": 48117509,
        "R2_bQ30": 34171488
    }
  }
}
