{ "hts_Stats_34031": {
    "Notes": "",
    "totalFragmentsInput": 992325,
    "totalFragmentsOutput": 992325,
    "R1_readlength_histogram": [ [151,992325] ],
    "R2_readlength_histogram": [ [151,992325] ],
    "Base_composition": {
        "A": 110595430,
        "C": 41907332,
        "G": 37736466,
        "T": 108809723,
        "N": 633199
    },
    "Single_end": {
        "SE_in": 0,
        "SE_out": 0,
        "SE_bpLen": 0,
        "SE_bQ30": 0
    },
    "Paired_end": {
        "PE_in": 992325,
        "PE_out": 992325,
        "R1_bpLen": 149841075,
        "R1_bQ30": 142524469,
        "R2_bpLen": 149841075,
        "R2_bQ30": 121132506
    }
  }, "hts_SuperDeduper_34032": {
    "Notes": "",
    "totalFragmentsInput": 992325,
    "totalFragmentsOutput": 301070,
    "ignored": 40,
    "duplicate": 691215,
    "duplicate_saturation": [ [10000,1032], [20000,2972], [30000,5369], [40000,8361], [50000,12108], [60000,16073], [70000,20318], [80000,24984], [90000,29648], [100000,34507], [110000,39405], [120000,44545], [130000,49692], [140000,55113], [150000,60531], [160000,66053], [170000,71909], [180000,77712], [190000,83635], [200000,89621], [210000,95458], [220000,101511], [230000,107541], [240000,113489], [250000,119963], [260000,126256], [270000,132717], [280000,139313], [290000,145572], [300000,152118], [310000,158646], [320000,165301], [330000,172239], [340000,179058], [350000,186138], [360000,193208], [370000,199917], [380000,206808], [390000,213462], [400000,220133], [410000,227061], [420000,233837], [430000,241050], [440000,248278], [450000,255344], [460000,262764], [470000,270002], [480000,277604], [490000,285394], [500000,292751], [510000,299955], [520000,307423], [530000,315347], [540000,323099], [550000,331033], [560000,338973], [570000,346860], [580000,354856], [590000,362723], [600000,370702], [610000,378719], [620000,386596], [630000,394627], [640000,402632], [650000,410600], [660000,418820], [670000,426891], [680000,434709], [690000,442893], [700000,450887], [710000,459083], [720000,467301], [730000,475343], [740000,483495], [750000,491653], [760000,499596], [770000,507831], [780000,515888], [790000,524135], [800000,532502], [810000,540669], [820000,549057], [830000,557383], [840000,565546], [850000,573732], [860000,581596], [870000,589944], [880000,598365], [890000,606634], [900000,615057], [910000,623471], [920000,631776], [930000,640286], [940000,648698], [950000,656804], [960000,664990], [970000,672932], [980000,681179], [990000,689422], [992325,691215] ],
    "Single_end": {
        "SE_in": 0,
        "SE_out": 0
    },
    "Paired_end": {
        "PE_in": 992325,
        "PE_out": 301070
    }
  }, "hts_Stats_34034": {
    "Notes": "",
    "totalFragmentsInput": 301070,
    "totalFragmentsOutput": 301070,
    "R1_readlength_histogram": [ [151,301070] ],
    "R2_readlength_histogram": [ [151,301070] ],
    "Base_composition": {
        "A": 33396188,
        "C": 12910278,
        "G": 11576320,
        "T": 32807337,
        "N": 233017
    },
    "Single_end": {
        "SE_in": 0,
        "SE_out": 0,
        "SE_bpLen": 0,
        "SE_bQ30": 0
    },
    "Paired_end": {
        "PE_in": 301070,
        "PE_out": 301070,
        "R1_bpLen": 45461570,
        "R1_bQ30": 41940740,
        "R2_bpLen": 45461570,
        "R2_bQ30": 32623392
    }
  }
}
