{ "hts_Stats_34093": {
    "Notes": "",
    "totalFragmentsInput": 1828332,
    "totalFragmentsOutput": 1828332,
    "R1_readlength_histogram": [ [151,1828332] ],
    "R2_readlength_histogram": [ [151,1828332] ],
    "Base_composition": {
        "A": 203960705,
        "C": 76964483,
        "G": 69468225,
        "T": 200613135,
        "N": 1149716
    },
    "Single_end": {
        "SE_in": 0,
        "SE_out": 0,
        "SE_bpLen": 0,
        "SE_bQ30": 0
    },
    "Paired_end": {
        "PE_in": 1828332,
        "PE_out": 1828332,
        "R1_bpLen": 276078132,
        "R1_bQ30": 262534689,
        "R2_bpLen": 276078132,
        "R2_bQ30": 227221719
    }
  }, "hts_SuperDeduper_34094": {
    "Notes": "",
    "totalFragmentsInput": 1828332,
    "totalFragmentsOutput": 408753,
    "ignored": 81,
    "duplicate": 1419498,
    "duplicate_saturation": [ [10000,1091], [20000,3166], [30000,6025], [40000,9243], [50000,12627], [60000,16464], [70000,20731], [80000,25241], [90000,30421], [100000,35401], [110000,40655], [120000,46081], [130000,51571], [140000,57238], [150000,63013], [160000,68944], [170000,74876], [180000,80944], [190000,86800], [200000,92962], [210000,99306], [220000,105544], [230000,111740], [240000,118025], [250000,124575], [260000,131195], [270000,137725], [280000,144088], [290000,150863], [300000,157765], [310000,164796], [320000,171721], [330000,178505], [340000,185548], [350000,192581], [360000,199644], [370000,206705], [380000,213420], [390000,220396], [400000,227458], [410000,234394], [420000,241177], [430000,247825], [440000,255109], [450000,262395], [460000,269712], [470000,276785], [480000,284209], [490000,291869], [500000,299404], [510000,306955], [520000,314217], [530000,321447], [540000,328937], [550000,336425], [560000,343837], [570000,350947], [580000,358755], [590000,366648], [600000,374418], [610000,382111], [620000,389621], [630000,397577], [640000,405644], [650000,413560], [660000,421437], [670000,428843], [680000,436538], [690000,444165], [700000,451730], [710000,458914], [720000,466336], [730000,474226], [740000,482061], [750000,489849], [760000,497155], [770000,505148], [780000,513304], [790000,521507], [800000,529544], [810000,537250], [820000,545403], [830000,553634], [840000,561828], [850000,569788], [860000,578003], [870000,586571], [880000,595165], [890000,603734], [900000,612249], [910000,620325], [920000,628446], [930000,636445], [940000,644558], [950000,653142], [960000,661790], [970000,670347], [980000,678882], [990000,687358], [1000000,696125], [1010000,704822], [1020000,713524], [1030000,722198], [1040000,730792], [1050000,739544], [1060000,748268], [1070000,756981], [1080000,765566], [1090000,774087], [1100000,782785], [1110000,791502], [1120000,800200], [1130000,808834], [1140000,817433], [1150000,826204], [1160000,835017], [1170000,843783], [1180000,852386], [1190000,861050], [1200000,869897], [1210000,878738], [1220000,887541], [1230000,896227], [1240000,904388], [1250000,913234], [1260000,922057], [1270000,930886], [1280000,939458], [1290000,948137], [1300000,957033], [1310000,965905], [1320000,974702], [1330000,983392], [1340000,991973], [1350000,1000751], [1360000,1009505], [1370000,1018270], [1380000,1026872], [1390000,1035255], [1400000,1044060], [1410000,1052863], [1420000,1061629], [1430000,1070310], [1440000,1078916], [1450000,1087868], [1460000,1096757], [1470000,1105685], [1480000,1114454], [1490000,1123142], [1500000,1132049], [1510000,1140985], [1520000,1149958], [1530000,1158735], [1540000,1167342], [1550000,1176162], [1560000,1184921], [1570000,1193592], [1580000,1201979], [1590000,1210444], [1600000,1219406], [1610000,1228333], [1620000,1237323], [1630000,1246094], [1640000,1254851], [1650000,1263872], [1660000,1272844], [1670000,1281836], [1680000,1290699], [1690000,1299481], [1700000,1308516], [1710000,1317530], [1720000,1326506], [1730000,1335476], [1740000,1343895], [1750000,1352599], [1760000,1361315], [1770000,1369950], [1780000,1378314], [1790000,1386721], [1800000,1395340], [1810000,1404026], [1820000,1412645], [1828332,1419498] ],
    "Single_end": {
        "SE_in": 0,
        "SE_out": 0
    },
    "Paired_end": {
        "PE_in": 1828332,
        "PE_out": 408753
    }
  }, "hts_Stats_34095": {
    "Notes": "",
    "totalFragmentsInput": 408753,
    "totalFragmentsOutput": 408753,
    "R1_readlength_histogram": [ [151,408753] ],
    "R2_readlength_histogram": [ [151,408753] ],
    "Base_composition": {
        "A": 45349971,
        "C": 17556952,
        "G": 15766194,
        "T": 44453805,
        "N": 316484
    },
    "Single_end": {
        "SE_in": 0,
        "SE_out": 0,
        "SE_bpLen": 0,
        "SE_bQ30": 0
    },
    "Paired_end": {
        "PE_in": 408753,
        "PE_out": 408753,
        "R1_bpLen": 61721703,
        "R1_bQ30": 56217345,
        "R2_bpLen": 61721703,
        "R2_bQ30": 43222509
    }
  }
}
