{ "hts_Stats_34037": {
    "Notes": "",
    "totalFragmentsInput": 1514682,
    "totalFragmentsOutput": 1514682,
    "R1_readlength_histogram": [ [151,1514682] ],
    "R2_readlength_histogram": [ [151,1514682] ],
    "Base_composition": {
        "A": 169068152,
        "C": 64043097,
        "G": 57381395,
        "T": 165999308,
        "N": 942012
    },
    "Single_end": {
        "SE_in": 0,
        "SE_out": 0,
        "SE_bpLen": 0,
        "SE_bQ30": 0
    },
    "Paired_end": {
        "PE_in": 1514682,
        "PE_out": 1514682,
        "R1_bpLen": 228716982,
        "R1_bQ30": 218001326,
        "R2_bpLen": 228716982,
        "R2_bQ30": 170027605
    }
  }, "hts_SuperDeduper_34038": {
    "Notes": "",
    "totalFragmentsInput": 1514682,
    "totalFragmentsOutput": 476706,
    "ignored": 71,
    "duplicate": 1037905,
    "duplicate_saturation": [ [10000,925], [20000,2664], [30000,4930], [40000,7503], [50000,10214], [60000,13589], [70000,17230], [80000,21405], [90000,25737], [100000,30140], [110000,34749], [120000,39393], [130000,44323], [140000,49460], [150000,54522], [160000,59352], [170000,64614], [180000,69921], [190000,75122], [200000,80291], [210000,85699], [220000,91226], [230000,96701], [240000,102129], [250000,107937], [260000,113942], [270000,119828], [280000,125517], [290000,131586], [300000,137747], [310000,143503], [320000,149053], [330000,154935], [340000,160814], [350000,166075], [360000,171909], [370000,178187], [380000,184387], [390000,190087], [400000,196375], [410000,202761], [420000,209184], [430000,215107], [440000,221218], [450000,227548], [460000,233836], [470000,239516], [480000,246173], [490000,252863], [500000,259400], [510000,265601], [520000,272418], [530000,279325], [540000,286176], [550000,292353], [560000,298743], [570000,305183], [580000,311354], [590000,316876], [600000,323499], [610000,330135], [620000,336591], [630000,342805], [640000,350111], [650000,357400], [660000,364589], [670000,371615], [680000,379053], [690000,386425], [700000,393518], [710000,401148], [720000,409062], [730000,416902], [740000,424672], [750000,431751], [760000,438717], [770000,445226], [780000,453137], [790000,461149], [800000,469129], [810000,476784], [820000,484713], [830000,492745], [840000,500688], [850000,508576], [860000,516406], [870000,524436], [880000,532463], [890000,540371], [900000,547968], [910000,556005], [920000,564014], [930000,571909], [940000,579552], [950000,587516], [960000,595505], [970000,603476], [980000,611126], [990000,619212], [1000000,627345], [1010000,635459], [1020000,643009], [1030000,650766], [1040000,658795], [1050000,666765], [1060000,674327], [1070000,682405], [1080000,690558], [1090000,698657], [1100000,706478], [1110000,714234], [1120000,722296], [1130000,730226], [1140000,737960], [1150000,745389], [1160000,753415], [1170000,761376], [1180000,769194], [1190000,776839], [1200000,785045], [1210000,793240], [1220000,801312], [1230000,809123], [1240000,817282], [1250000,825542], [1260000,833664], [1270000,841426], [1280000,849191], [1290000,857043], [1300000,864753], [1310000,871853], [1320000,879727], [1330000,887963], [1340000,896089], [1350000,903975], [1360000,911976], [1370000,920387], [1380000,928749], [1390000,937060], [1400000,945133], [1410000,953677], [1420000,962120], [1430000,970548], [1440000,978447], [1450000,986502], [1460000,994581], [1470000,1002534], [1480000,1010090], [1490000,1018177], [1500000,1026347], [1510000,1034392], [1514682,1037905] ],
    "Single_end": {
        "SE_in": 0,
        "SE_out": 0
    },
    "Paired_end": {
        "PE_in": 1514682,
        "PE_out": 476706
    }
  }, "hts_Stats_34039": {
    "Notes": "",
    "totalFragmentsInput": 476706,
    "totalFragmentsOutput": 476706,
    "R1_readlength_histogram": [ [151,476706] ],
    "R2_readlength_histogram": [ [151,476706] ],
    "Base_composition": {
        "A": 53018158,
        "C": 20597036,
        "G": 18283743,
        "T": 51704135,
        "N": 362140
    },
    "Single_end": {
        "SE_in": 0,
        "SE_out": 0,
        "SE_bpLen": 0,
        "SE_bQ30": 0
    },
    "Paired_end": {
        "PE_in": 476706,
        "PE_out": 476706,
        "R1_bpLen": 71982606,
        "R1_bQ30": 65946809,
        "R2_bpLen": 71982606,
        "R2_bQ30": 43981297
    }
  }
}
