{ "hts_Stats_34042": {
    "Notes": "",
    "totalFragmentsInput": 180884,
    "totalFragmentsOutput": 180884,
    "R1_readlength_histogram": [ [151,180884] ],
    "R2_readlength_histogram": [ [151,180884] ],
    "Base_composition": {
        "A": 19709883,
        "C": 7844940,
        "G": 7053645,
        "T": 19837616,
        "N": 180884
    },
    "Single_end": {
        "SE_in": 0,
        "SE_out": 0,
        "SE_bpLen": 0,
        "SE_bQ30": 0
    },
    "Paired_end": {
        "PE_in": 180884,
        "PE_out": 180884,
        "R1_bpLen": 27313484,
        "R1_bQ30": 25919037,
        "R2_bpLen": 27313484,
        "R2_bQ30": 20558243
    }
  }, "hts_SuperDeduper_34044": {
    "Notes": "",
    "totalFragmentsInput": 180884,
    "totalFragmentsOutput": 22226,
    "ignored": 0,
    "duplicate": 158658,
    "duplicate_saturation": [ [10000,5776], [20000,14054], [30000,22919], [40000,32045], [50000,41153], [60000,50235], [70000,59407], [80000,68356], [90000,76954], [100000,85244], [110000,94148], [120000,103218], [130000,112420], [140000,121632], [150000,130883], [160000,140115], [170000,149202], [180000,157979], [180884,158658] ],
    "Single_end": {
        "SE_in": 0,
        "SE_out": 0
    },
    "Paired_end": {
        "PE_in": 180884,
        "PE_out": 22226
    }
  }, "hts_Stats_34045": {
    "Notes": "",
    "totalFragmentsInput": 22226,
    "totalFragmentsOutput": 22226,
    "R1_readlength_histogram": [ [151,22226] ],
    "R2_readlength_histogram": [ [151,22226] ],
    "Base_composition": {
        "A": 2253943,
        "C": 1120212,
        "G": 1024872,
        "T": 2290999,
        "N": 22226
    },
    "Single_end": {
        "SE_in": 0,
        "SE_out": 0,
        "SE_bpLen": 0,
        "SE_bQ30": 0
    },
    "Paired_end": {
        "PE_in": 22226,
        "PE_out": 22226,
        "R1_bpLen": 3356126,
        "R1_bQ30": 2987945,
        "R2_bpLen": 3356126,
        "R2_bQ30": 1855257
    }
  }
}
