{ "hts_Stats_34133": {
    "Notes": "",
    "totalFragmentsInput": 384836,
    "totalFragmentsOutput": 384836,
    "R1_readlength_histogram": [ [151,384836] ],
    "R2_readlength_histogram": [ [151,384836] ],
    "Base_composition": {
        "A": 41859322,
        "C": 16691139,
        "G": 15216787,
        "T": 42068337,
        "N": 384887
    },
    "Single_end": {
        "SE_in": 0,
        "SE_out": 0,
        "SE_bpLen": 0,
        "SE_bQ30": 0
    },
    "Paired_end": {
        "PE_in": 384836,
        "PE_out": 384836,
        "R1_bpLen": 58110236,
        "R1_bQ30": 55124330,
        "R2_bpLen": 58110236,
        "R2_bQ30": 46226839
    }
  }, "hts_SuperDeduper_34134": {
    "Notes": "",
    "totalFragmentsInput": 384836,
    "totalFragmentsOutput": 48233,
    "ignored": 0,
    "duplicate": 336603,
    "duplicate_saturation": [ [10000,5384], [20000,12556], [30000,20720], [40000,29246], [50000,37902], [60000,46718], [70000,55655], [80000,64634], [90000,73662], [100000,82673], [110000,91621], [120000,100521], [130000,109495], [140000,118487], [150000,127489], [160000,136355], [170000,145273], [180000,154061], [190000,162422], [200000,170493], [210000,178976], [220000,187726], [230000,196610], [240000,205603], [250000,214582], [260000,223647], [270000,232752], [280000,241919], [290000,251054], [300000,260169], [310000,269257], [320000,278443], [330000,287566], [340000,296754], [350000,305725], [360000,314795], [370000,323783], [380000,332534], [384836,336603] ],
    "Single_end": {
        "SE_in": 0,
        "SE_out": 0
    },
    "Paired_end": {
        "PE_in": 384836,
        "PE_out": 48233
    }
  }, "hts_Stats_34137": {
    "Notes": "",
    "totalFragmentsInput": 48233,
    "totalFragmentsOutput": 48233,
    "R1_readlength_histogram": [ [151,48233] ],
    "R2_readlength_histogram": [ [151,48233] ],
    "Base_composition": {
        "A": 4611814,
        "C": 2683201,
        "G": 2559585,
        "T": 4663494,
        "N": 48272
    },
    "Single_end": {
        "SE_in": 0,
        "SE_out": 0,
        "SE_bpLen": 0,
        "SE_bQ30": 0
    },
    "Paired_end": {
        "PE_in": 48233,
        "PE_out": 48233,
        "R1_bpLen": 7283183,
        "R1_bQ30": 6554575,
        "R2_bpLen": 7283183,
        "R2_bQ30": 4590744
    }
  }
}
