{ "hts_Stats_33944": {
    "Notes": "",
    "totalFragmentsInput": 2840311,
    "totalFragmentsOutput": 2840311,
    "R1_readlength_histogram": [ [151,2840311] ],
    "R2_readlength_histogram": [ [151,2840311] ],
    "Base_composition": {
        "A": 236338516,
        "C": 191695447,
        "G": 191489094,
        "T": 238250637,
        "N": 228
    },
    "Single_end": {
        "SE_in": 0,
        "SE_out": 0,
        "SE_bpLen": 0,
        "SE_bQ30": 0
    },
    "Paired_end": {
        "PE_in": 2840311,
        "PE_out": 2840311,
        "R1_bpLen": 428886961,
        "R1_bQ30": 407965348,
        "R2_bpLen": 428886961,
        "R2_bQ30": 411363549
    }
  }, "hts_SuperDeduper_33945": {
    "Notes": "",
    "totalFragmentsInput": 2840311,
    "totalFragmentsOutput": 1017774,
    "ignored": 9,
    "duplicate": 1822528,
    "duplicate_saturation": [ [10000,154], [20000,417], [30000,839], [40000,1379], [50000,2064], [60000,2929], [70000,3913], [80000,5052], [90000,6414], [100000,7708], [110000,9207], [120000,10779], [130000,12497], [140000,14339], [150000,16281], [160000,18324], [170000,20489], [180000,22735], [190000,25189], [200000,27701], [210000,30243], [220000,32847], [230000,35619], [240000,38516], [250000,41459], [260000,44378], [270000,47478], [280000,50738], [290000,54107], [300000,57500], [310000,60619], [320000,63942], [330000,67555], [340000,71049], [350000,74883], [360000,78724], [370000,82560], [380000,86564], [390000,90558], [400000,94733], [410000,98575], [420000,102532], [430000,106850], [440000,111123], [450000,115578], [460000,120096], [470000,124682], [480000,129297], [490000,133953], [500000,138685], [510000,143141], [520000,147623], [530000,152265], [540000,157232], [550000,162225], [560000,167332], [570000,172423], [580000,177692], [590000,182888], [600000,188124], [610000,193362], [620000,198180], [630000,203434], [640000,208957], [650000,214450], [660000,219990], [670000,225576], [680000,231132], [690000,236793], [700000,242372], [710000,248019], [720000,253190], [730000,258800], [740000,264557], [750000,270227], [760000,275998], [770000,281761], [780000,287561], [790000,293536], [800000,299615], [810000,305660], [820000,311743], [830000,317059], [840000,323011], [850000,329221], [860000,335404], [870000,341706], [880000,347938], [890000,354252], [900000,360562], [910000,366909], [920000,373377], [930000,379059], [940000,385188], [950000,391701], [960000,398095], [970000,404433], [980000,410812], [990000,417308], [1000000,423877], [1010000,430629], [1020000,437293], [1030000,443916], [1040000,449894], [1050000,456299], [1060000,463018], [1070000,469668], [1080000,476316], [1090000,482860], [1100000,489601], [1110000,496479], [1120000,503330], [1130000,510260], [1140000,516638], [1150000,523315], [1160000,530180], [1170000,537019], [1180000,543916], [1190000,550688], [1200000,557532], [1210000,564557], [1220000,571629], [1230000,578731], [1240000,585978], [1250000,592334], [1260000,599062], [1270000,606157], [1280000,613197], [1290000,620213], [1300000,627270], [1310000,634354], [1320000,641660], [1330000,648847], [1340000,656028], [1350000,663309], [1360000,669651], [1370000,676685], [1380000,683978], [1390000,691059], [1400000,698386], [1410000,705817], [1420000,713071], [1430000,720487], [1440000,727982], [1450000,735311], [1460000,742614], [1470000,749135], [1480000,756334], [1490000,763727], [1500000,771148], [1510000,778690], [1520000,786242], [1530000,793666], [1540000,801205], [1550000,808595], [1560000,815713], [1570000,822673], [1580000,830068], [1590000,837559], [1600000,845024], [1610000,852643], [1620000,860263], [1630000,867939], [1640000,875437], [1650000,882867], [1660000,889778], [1670000,897139], [1680000,904817], [1690000,912408], [1700000,920070], [1710000,927813], [1720000,935452], [1730000,943172], [1740000,950718], [1750000,957879], [1760000,964937], [1770000,972508], [1780000,980103], [1790000,987767], [1800000,995524], [1810000,1003255], [1820000,1011064], [1830000,1018818], [1840000,1026317], [1850000,1033198], [1860000,1040393], [1870000,1048131], [1880000,1055810], [1890000,1063614], [1900000,1071572], [1910000,1079391], [1920000,1087243], [1930000,1095018], [1940000,1102871], [1950000,1109806], [1960000,1117535], [1970000,1125478], [1980000,1133266], [1990000,1141102], [2000000,1148814], [2010000,1156666], [2020000,1164621], [2030000,1172339], [2040000,1180086], [2050000,1187136], [2060000,1195017], [2070000,1203015], [2080000,1210690], [2090000,1218565], [2100000,1226462], [2110000,1234413], [2120000,1242435], [2130000,1250255], [2140000,1258157], [2150000,1265400], [2160000,1273352], [2170000,1281414], [2180000,1289368], [2190000,1297445], [2200000,1305574], [2210000,1313578], [2220000,1321679], [2230000,1329500], [2240000,1337373], [2250000,1344742], [2260000,1352619], [2270000,1360673], [2280000,1368739], [2290000,1376876], [2300000,1384923], [2310000,1393014], [2320000,1401152], [2330000,1409233], [2340000,1416557], [2350000,1424531], [2360000,1432579], [2370000,1440459], [2380000,1448438], [2390000,1456546], [2400000,1464624], [2410000,1472830], [2420000,1481036], [2430000,1488965], [2440000,1496498], [2450000,1504495], [2460000,1512722], [2470000,1520744], [2480000,1528937], [2490000,1537217], [2500000,1545391], [2510000,1553607], [2520000,1561756], [2530000,1569881], [2540000,1577439], [2550000,1585533], [2560000,1593761], [2570000,1601983], [2580000,1610176], [2590000,1618366], [2600000,1626602], [2610000,1634888], [2620000,1643082], [2630000,1651315], [2640000,1658689], [2650000,1666754], [2660000,1675014], [2670000,1683247], [2680000,1691575], [2690000,1699860], [2700000,1708095], [2710000,1716393], [2720000,1724731], [2730000,1732741], [2740000,1740086], [2750000,1748404], [2760000,1756658], [2770000,1764705], [2780000,1772940], [2790000,1781284], [2800000,1789615], [2810000,1797987], [2820000,1806391], [2830000,1814691], [2840000,1822417], [2840311,1822528] ],
    "Single_end": {
        "SE_in": 0,
        "SE_out": 0
    },
    "Paired_end": {
        "PE_in": 2840311,
        "PE_out": 1017774
    }
  }, "hts_Stats_33946": {
    "Notes": "",
    "totalFragmentsInput": 1017774,
    "totalFragmentsOutput": 1017774,
    "R1_readlength_histogram": [ [151,1017774] ],
    "R2_readlength_histogram": [ [151,1017774] ],
    "Base_composition": {
        "A": 85301341,
        "C": 68257141,
        "G": 67822291,
        "T": 85986935,
        "N": 40
    },
    "Single_end": {
        "SE_in": 0,
        "SE_out": 0,
        "SE_bpLen": 0,
        "SE_bQ30": 0
    },
    "Paired_end": {
        "PE_in": 1017774,
        "PE_out": 1017774,
        "R1_bpLen": 153683874,
        "R1_bQ30": 144525535,
        "R2_bpLen": 153683874,
        "R2_bQ30": 144523440
    }
  }
}
